2020-05-23 23:03:01,708 [Worker-2] INFO  o.e.b.c.i.u.g.PublishedGradleVersions - Gradle version information cache is out-of-date. Trying to update.
2020-05-23 23:05:53,112 [Worker-7] INFO  o.e.m.c.i.p.ProjectConfigurationManager - Update started
2020-05-23 23:05:59,030 [Worker-7] INFO  o.e.m.c.i.e.AbstractTransferListenerAdapter - Downloading https://repo.maven.apache.org/maven2/org/apache/maven/maven-plugin-api/2.0.9/maven-plugin-api-2.0.9.jar
2020-05-23 23:05:59,213 [Worker-7] INFO  o.e.m.c.i.e.AbstractTransferListenerAdapter - Downloaded https://repo.maven.apache.org/maven2/org/apache/maven/maven-plugin-api/2.0.9/maven-plugin-api-2.0.9.jar
2020-05-23 23:05:59,268 [Worker-7] INFO  o.e.m.c.i.e.AbstractTransferListenerAdapter - Downloading https://repo.maven.apache.org/maven2/org/apache/maven/maven-artifact/2.0.9/maven-artifact-2.0.9.jar
2020-05-23 23:05:59,479 [Worker-7] INFO  o.e.m.c.i.e.AbstractTransferListenerAdapter - Downloaded https://repo.maven.apache.org/maven2/org/apache/maven/maven-artifact/2.0.9/maven-artifact-2.0.9.jar
2020-05-23 23:05:59,536 [Worker-7] INFO  o.e.m.c.i.e.AbstractTransferListenerAdapter - Downloading https://repo.maven.apache.org/maven2/org/apache/maven/maven-core/2.0.9/maven-core-2.0.9.jar
2020-05-23 23:05:59,697 [Worker-7] INFO  o.e.m.c.i.e.AbstractTransferListenerAdapter - Downloaded https://repo.maven.apache.org/maven2/org/apache/maven/maven-core/2.0.9/maven-core-2.0.9.jar
2020-05-23 23:05:59,749 [Worker-7] INFO  o.e.m.c.i.e.AbstractTransferListenerAdapter - Downloading https://repo.maven.apache.org/maven2/org/apache/maven/maven-settings/2.0.9/maven-settings-2.0.9.jar
2020-05-23 23:05:59,960 [Worker-7] INFO  o.e.m.c.i.e.AbstractTransferListenerAdapter - Downloaded https://repo.maven.apache.org/maven2/org/apache/maven/maven-settings/2.0.9/maven-settings-2.0.9.jar
2020-05-23 23:06:00,023 [Worker-7] INFO  o.e.m.c.i.e.AbstractTransferListenerAdapter - Downloading https://repo.maven.apache.org/maven2/org/apache/maven/maven-plugin-parameter-documenter/2.0.9/maven-plugin-parameter-documenter-2.0.9.jar
2020-05-23 23:06:00,143 [Worker-7] INFO  o.e.m.c.i.e.AbstractTransferListenerAdapter - Downloaded https://repo.maven.apache.org/maven2/org/apache/maven/maven-plugin-parameter-documenter/2.0.9/maven-plugin-parameter-documenter-2.0.9.jar
2020-05-23 23:06:00,197 [Worker-7] INFO  o.e.m.c.i.e.AbstractTransferListenerAdapter - Downloading https://repo.maven.apache.org/maven2/org/apache/maven/maven-profile/2.0.9/maven-profile-2.0.9.jar
2020-05-23 23:06:00,416 [Worker-7] INFO  o.e.m.c.i.e.AbstractTransferListenerAdapter - Downloaded https://repo.maven.apache.org/maven2/org/apache/maven/maven-profile/2.0.9/maven-profile-2.0.9.jar
2020-05-23 23:06:00,473 [Worker-7] INFO  o.e.m.c.i.e.AbstractTransferListenerAdapter - Downloading https://repo.maven.apache.org/maven2/org/apache/maven/maven-model/2.0.9/maven-model-2.0.9.jar
2020-05-23 23:06:00,566 [Worker-7] INFO  o.e.m.c.i.e.AbstractTransferListenerAdapter - Downloaded https://repo.maven.apache.org/maven2/org/apache/maven/maven-model/2.0.9/maven-model-2.0.9.jar
2020-05-23 23:06:00,616 [Worker-7] INFO  o.e.m.c.i.e.AbstractTransferListenerAdapter - Downloading https://repo.maven.apache.org/maven2/org/apache/maven/maven-repository-metadata/2.0.9/maven-repository-metadata-2.0.9.jar
2020-05-23 23:06:00,768 [Worker-7] INFO  o.e.m.c.i.e.AbstractTransferListenerAdapter - Downloaded https://repo.maven.apache.org/maven2/org/apache/maven/maven-repository-metadata/2.0.9/maven-repository-metadata-2.0.9.jar
2020-05-23 23:06:00,821 [Worker-7] INFO  o.e.m.c.i.e.AbstractTransferListenerAdapter - Downloading https://repo.maven.apache.org/maven2/org/apache/maven/maven-error-diagnostics/2.0.9/maven-error-diagnostics-2.0.9.jar
2020-05-23 23:06:00,965 [Worker-7] INFO  o.e.m.c.i.e.AbstractTransferListenerAdapter - Downloaded https://repo.maven.apache.org/maven2/org/apache/maven/maven-error-diagnostics/2.0.9/maven-error-diagnostics-2.0.9.jar
2020-05-23 23:06:01,016 [Worker-7] INFO  o.e.m.c.i.e.AbstractTransferListenerAdapter - Downloading https://repo.maven.apache.org/maven2/org/apache/maven/maven-project/2.0.9/maven-project-2.0.9.jar
2020-05-23 23:06:01,152 [Worker-7] INFO  o.e.m.c.i.e.AbstractTransferListenerAdapter - Downloaded https://repo.maven.apache.org/maven2/org/apache/maven/maven-project/2.0.9/maven-project-2.0.9.jar
2020-05-23 23:06:01,251 [Worker-7] INFO  o.e.m.c.i.e.AbstractTransferListenerAdapter - Downloading https://repo.maven.apache.org/maven2/org/apache/maven/maven-plugin-registry/2.0.9/maven-plugin-registry-2.0.9.jar
2020-05-23 23:06:01,524 [Worker-7] INFO  o.e.m.c.i.e.AbstractTransferListenerAdapter - Downloaded https://repo.maven.apache.org/maven2/org/apache/maven/maven-plugin-registry/2.0.9/maven-plugin-registry-2.0.9.jar
2020-05-23 23:06:01,579 [Worker-7] INFO  o.e.m.c.i.e.AbstractTransferListenerAdapter - Downloading https://repo.maven.apache.org/maven2/org/apache/maven/maven-plugin-descriptor/2.0.9/maven-plugin-descriptor-2.0.9.jar
2020-05-23 23:06:01,783 [Worker-7] INFO  o.e.m.c.i.e.AbstractTransferListenerAdapter - Downloaded https://repo.maven.apache.org/maven2/org/apache/maven/maven-plugin-descriptor/2.0.9/maven-plugin-descriptor-2.0.9.jar
2020-05-23 23:06:01,841 [Worker-7] INFO  o.e.m.c.i.e.AbstractTransferListenerAdapter - Downloading https://repo.maven.apache.org/maven2/org/apache/maven/maven-artifact-manager/2.0.9/maven-artifact-manager-2.0.9.jar
2020-05-23 23:06:01,935 [Worker-7] INFO  o.e.m.c.i.e.AbstractTransferListenerAdapter - Downloaded https://repo.maven.apache.org/maven2/org/apache/maven/maven-artifact-manager/2.0.9/maven-artifact-manager-2.0.9.jar
2020-05-23 23:06:01,984 [Worker-7] INFO  o.e.m.c.i.e.AbstractTransferListenerAdapter - Downloading https://repo.maven.apache.org/maven2/org/apache/maven/maven-monitor/2.0.9/maven-monitor-2.0.9.jar
2020-05-23 23:06:02,111 [Worker-7] INFO  o.e.m.c.i.e.AbstractTransferListenerAdapter - Downloaded https://repo.maven.apache.org/maven2/org/apache/maven/maven-monitor/2.0.9/maven-monitor-2.0.9.jar
2020-05-23 23:06:02,162 [Worker-7] INFO  o.e.m.c.i.e.AbstractTransferListenerAdapter - Downloading https://repo.maven.apache.org/maven2/org/apache/maven/maven-toolchain/1.0/maven-toolchain-1.0.jar
2020-05-23 23:06:02,274 [Worker-7] INFO  o.e.m.c.i.e.AbstractTransferListenerAdapter - Downloaded https://repo.maven.apache.org/maven2/org/apache/maven/maven-toolchain/1.0/maven-toolchain-1.0.jar
2020-05-23 23:06:02,341 [Worker-7] INFO  o.e.m.c.i.e.AbstractTransferListenerAdapter - Downloading https://repo.maven.apache.org/maven2/org/codehaus/plexus/plexus-container-default/1.5.5/plexus-container-default-1.5.5.jar
2020-05-23 23:06:02,646 [Worker-7] INFO  o.e.m.c.i.e.AbstractTransferListenerAdapter - Downloaded https://repo.maven.apache.org/maven2/org/codehaus/plexus/plexus-container-default/1.5.5/plexus-container-default-1.5.5.jar
2020-05-23 23:06:02,700 [Worker-7] INFO  o.e.m.c.i.e.AbstractTransferListenerAdapter - Downloading https://repo.maven.apache.org/maven2/org/codehaus/plexus/plexus-classworlds/2.2.2/plexus-classworlds-2.2.2.jar
2020-05-23 23:06:03,231 [Worker-7] INFO  o.e.m.c.i.e.AbstractTransferListenerAdapter - Downloaded https://repo.maven.apache.org/maven2/org/codehaus/plexus/plexus-classworlds/2.2.2/plexus-classworlds-2.2.2.jar
2020-05-23 23:06:06,461 [Worker-7] INFO  o.e.m.c.i.l.LifecycleMappingFactory - Using org.eclipse.m2e.jdt.JarLifecycleMapping lifecycle mapping for MavenProject: com.mycompany.eclipseproblem:projecta:0.0.1-SNAPSHOT @ C:\Users\lenovo\Desktop\ECLIPSE_PROB\githubdanclone\neon\eclipseproblem\projecta\pom.xml.
2020-05-23 23:06:08,548 [Worker-7] INFO  o.e.m.c.i.e.AbstractTransferListenerAdapter - Downloading https://repo.maven.apache.org/maven2/org/apache/maven/shared/maven-filtering/1.1/maven-filtering-1.1.pom
2020-05-23 23:06:08,707 [Worker-7] INFO  o.e.m.c.i.e.AbstractTransferListenerAdapter - Downloaded https://repo.maven.apache.org/maven2/org/apache/maven/shared/maven-filtering/1.1/maven-filtering-1.1.pom
2020-05-23 23:06:09,187 [Worker-7] INFO  o.e.m.c.i.e.AbstractTransferListenerAdapter - Downloading https://repo.maven.apache.org/maven2/classworlds/classworlds/1.1/classworlds-1.1.jar
2020-05-23 23:06:09,526 [Worker-7] INFO  o.e.m.c.i.e.AbstractTransferListenerAdapter - Downloaded https://repo.maven.apache.org/maven2/classworlds/classworlds/1.1/classworlds-1.1.jar
2020-05-23 23:06:09,579 [Worker-7] INFO  o.e.m.c.i.e.AbstractTransferListenerAdapter - Downloading https://repo.maven.apache.org/maven2/org/apache/maven/shared/maven-filtering/1.1/maven-filtering-1.1.jar
2020-05-23 23:06:09,811 [Worker-7] INFO  o.e.m.c.i.e.AbstractTransferListenerAdapter - Downloaded https://repo.maven.apache.org/maven2/org/apache/maven/shared/maven-filtering/1.1/maven-filtering-1.1.jar
2020-05-23 23:06:10,146 [Worker-4] INFO  o.e.m.c.i.embedder.EclipseLogger - Using 'UTF-8' encoding to copy filtered resources.
2020-05-23 23:06:10,146 [Worker-4] INFO  o.e.m.c.i.embedder.EclipseLogger - skip non existing resourceDirectory C:\Users\lenovo\Desktop\ECLIPSE_PROB\githubdanclone\neon\eclipseproblem\projecta\src\main\resources
2020-05-23 23:06:10,148 [Worker-4] INFO  o.e.m.c.i.embedder.EclipseLogger - Using 'UTF-8' encoding to copy filtered resources.
2020-05-23 23:06:10,149 [Worker-4] INFO  o.e.m.c.i.embedder.EclipseLogger - skip non existing resourceDirectory C:\Users\lenovo\Desktop\ECLIPSE_PROB\githubdanclone\neon\eclipseproblem\projecta\src\test\resources
2020-05-23 23:06:10,207 [Worker-7] INFO  o.e.m.j.i.AbstractJavaProjectConfigurator - Adding source folder /projecta/src/main/java
2020-05-23 23:06:10,210 [Worker-7] INFO  o.e.m.j.i.AbstractJavaProjectConfigurator - Adding source folder /projecta/src/test/java
2020-05-23 23:06:10,525 [Worker-7] INFO  o.e.m.c.i.p.ProjectConfigurationManager - Update completed: 17 sec
2020-05-23 23:06:11,304 [Worker-10] INFO  o.e.m.c.i.embedder.EclipseLogger - Using 'UTF-8' encoding to copy filtered resources.
2020-05-23 23:06:11,304 [Worker-10] INFO  o.e.m.c.i.embedder.EclipseLogger - skip non existing resourceDirectory C:\Users\lenovo\Desktop\ECLIPSE_PROB\githubdanclone\neon\eclipseproblem\projecta\src\main\resources
2020-05-23 23:06:11,305 [Worker-10] INFO  o.e.m.c.i.embedder.EclipseLogger - Using 'UTF-8' encoding to copy filtered resources.
2020-05-23 23:06:11,306 [Worker-10] INFO  o.e.m.c.i.embedder.EclipseLogger - skip non existing resourceDirectory C:\Users\lenovo\Desktop\ECLIPSE_PROB\githubdanclone\neon\eclipseproblem\projecta\src\test\resources
2020-05-23 23:06:14,872 [Worker-0] INFO  o.e.m.c.i.embedder.EclipseLogger - Using 'UTF-8' encoding to copy filtered resources.
2020-05-23 23:06:14,872 [Worker-0] INFO  o.e.m.c.i.embedder.EclipseLogger - skip non existing resourceDirectory C:\Users\lenovo\Desktop\ECLIPSE_PROB\githubdanclone\neon\eclipseproblem\projecta\src\main\resources
2020-05-23 23:06:14,873 [Worker-0] INFO  o.e.m.c.i.embedder.EclipseLogger - Using 'UTF-8' encoding to copy filtered resources.
2020-05-23 23:06:14,873 [Worker-0] INFO  o.e.m.c.i.embedder.EclipseLogger - skip non existing resourceDirectory C:\Users\lenovo\Desktop\ECLIPSE_PROB\githubdanclone\neon\eclipseproblem\projecta\src\test\resources
2020-05-23 23:09:34,091 [Worker-18] INFO  o.e.m.c.i.p.ProjectConfigurationManager - Update started
2020-05-23 23:09:34,763 [Worker-18] INFO  o.e.m.c.i.l.LifecycleMappingFactory - Using org.eclipse.m2e.jdt.JarLifecycleMapping lifecycle mapping for MavenProject: com.mycompany.eclipseproblem:projectb:0.0.1-SNAPSHOT @ C:\Users\lenovo\Desktop\ECLIPSE_PROB\githubdanclone\neon\eclipseproblem\projectb\pom.xml.
2020-05-23 23:09:35,602 [Worker-18] INFO  o.e.m.j.i.AbstractJavaProjectConfigurator - Adding source folder /projectb/src/main/java
2020-05-23 23:09:35,603 [Worker-18] INFO  o.e.m.j.i.AbstractJavaProjectConfigurator - Adding source folder /projectb/src/test/java
2020-05-23 23:09:35,884 [Worker-18] INFO  o.e.m.c.i.p.ProjectConfigurationManager - Update completed: 1 sec
2020-05-23 23:09:35,886 [Worker-18] INFO  o.e.m.c.i.p.ProjectConfigurationManager - Update started
2020-05-23 23:09:36,525 [Worker-18] INFO  o.e.m.c.i.l.LifecycleMappingFactory - Using org.eclipse.m2e.jdt.JarLifecycleMapping lifecycle mapping for MavenProject: com.mycompany.eclipseproblem:projectb:0.0.1-SNAPSHOT @ C:\Users\lenovo\Desktop\ECLIPSE_PROB\githubdanclone\neon\eclipseproblem\projectb\pom.xml.
2020-05-23 23:09:36,641 [Worker-18] INFO  o.e.m.c.i.l.LifecycleMappingFactory - Using org.eclipse.m2e.jdt.JarLifecycleMapping lifecycle mapping for MavenProject: com.mycompany.eclipseproblem:projecta:0.0.1-SNAPSHOT @ C:\Users\lenovo\Desktop\ECLIPSE_PROB\githubdanclone\neon\eclipseproblem\projecta\pom.xml.
2020-05-23 23:09:37,350 [Worker-11] INFO  o.e.m.c.i.embedder.EclipseLogger - Using 'UTF-8' encoding to copy filtered resources.
2020-05-23 23:09:37,350 [Worker-11] INFO  o.e.m.c.i.embedder.EclipseLogger - skip non existing resourceDirectory C:\Users\lenovo\Desktop\ECLIPSE_PROB\githubdanclone\neon\eclipseproblem\projecta\src\main\resources
2020-05-23 23:09:37,353 [Worker-11] INFO  o.e.m.c.i.embedder.EclipseLogger - Using 'UTF-8' encoding to copy filtered resources.
2020-05-23 23:09:37,353 [Worker-11] INFO  o.e.m.c.i.embedder.EclipseLogger - skip non existing resourceDirectory C:\Users\lenovo\Desktop\ECLIPSE_PROB\githubdanclone\neon\eclipseproblem\projecta\src\test\resources
2020-05-23 23:09:37,417 [Worker-18] INFO  o.e.m.j.i.AbstractJavaProjectConfigurator - Adding source folder /projectb/src/main/java
2020-05-23 23:09:37,418 [Worker-18] INFO  o.e.m.j.i.AbstractJavaProjectConfigurator - Adding source folder /projectb/src/test/java
2020-05-23 23:09:37,560 [Worker-18] INFO  o.e.m.j.i.AbstractJavaProjectConfigurator - Adding source folder /projecta/src/main/java
2020-05-23 23:09:37,560 [Worker-18] INFO  o.e.m.j.i.AbstractJavaProjectConfigurator - Adding source folder /projecta/src/test/java
2020-05-23 23:09:37,633 [Worker-18] INFO  o.e.m.c.i.p.ProjectConfigurationManager - Update completed: 1 sec
2020-05-23 23:09:37,771 [Worker-11] INFO  o.e.m.c.i.embedder.EclipseLogger - Using 'UTF-8' encoding to copy filtered resources.
2020-05-23 23:09:37,772 [Worker-11] INFO  o.e.m.c.i.embedder.EclipseLogger - skip non existing resourceDirectory C:\Users\lenovo\Desktop\ECLIPSE_PROB\githubdanclone\neon\eclipseproblem\projecta\src\main\resources
2020-05-23 23:09:37,773 [Worker-11] INFO  o.e.m.c.i.embedder.EclipseLogger - Using 'UTF-8' encoding to copy filtered resources.
2020-05-23 23:09:37,773 [Worker-11] INFO  o.e.m.c.i.embedder.EclipseLogger - skip non existing resourceDirectory C:\Users\lenovo\Desktop\ECLIPSE_PROB\githubdanclone\neon\eclipseproblem\projecta\src\test\resources
2020-05-23 23:09:37,844 [Worker-11] INFO  o.e.m.c.i.embedder.EclipseLogger - Using 'UTF-8' encoding to copy filtered resources.
2020-05-23 23:09:37,844 [Worker-11] INFO  o.e.m.c.i.embedder.EclipseLogger - skip non existing resourceDirectory C:\Users\lenovo\Desktop\ECLIPSE_PROB\githubdanclone\neon\eclipseproblem\projectb\src\main\resources
2020-05-23 23:09:37,846 [Worker-11] INFO  o.e.m.c.i.embedder.EclipseLogger - Using 'UTF-8' encoding to copy filtered resources.
2020-05-23 23:09:37,846 [Worker-11] INFO  o.e.m.c.i.embedder.EclipseLogger - skip non existing resourceDirectory C:\Users\lenovo\Desktop\ECLIPSE_PROB\githubdanclone\neon\eclipseproblem\projectb\src\test\resources
2020-05-23 23:11:31,643 [main] INFO  o.e.m2e.actions.ExecutePomAction - Creating new launch configuration
2020-05-23 23:11:40,160 [Worker-17] INFO  o.e.m.i.launch.MavenLaunchDelegate - C:\Users\lenovo\Desktop\ECLIPSE_PROB\githubdanclone\neon\eclipseproblem\projectb
2020-05-23 23:11:40,160 [Worker-17] INFO  o.e.m.i.launch.MavenLaunchDelegate -  mvn -B clean install
2020-05-23 23:13:14,501 [Worker-17] INFO  o.e.m.c.i.embedder.EclipseLogger - Using 'UTF-8' encoding to copy filtered resources.
2020-05-23 23:13:14,502 [Worker-17] INFO  o.e.m.c.i.embedder.EclipseLogger - skip non existing resourceDirectory C:\Users\lenovo\Desktop\ECLIPSE_PROB\githubdanclone\neon\eclipseproblem\projecta\src\main\resources
2020-05-23 23:13:14,503 [Worker-17] INFO  o.e.m.c.i.embedder.EclipseLogger - Using 'UTF-8' encoding to copy filtered resources.
2020-05-23 23:13:14,503 [Worker-17] INFO  o.e.m.c.i.embedder.EclipseLogger - skip non existing resourceDirectory C:\Users\lenovo\Desktop\ECLIPSE_PROB\githubdanclone\neon\eclipseproblem\projecta\src\test\resources
2020-05-23 23:13:14,550 [Worker-17] INFO  o.e.m.c.i.embedder.EclipseLogger - Using 'UTF-8' encoding to copy filtered resources.
2020-05-23 23:13:14,550 [Worker-17] INFO  o.e.m.c.i.embedder.EclipseLogger - skip non existing resourceDirectory C:\Users\lenovo\Desktop\ECLIPSE_PROB\githubdanclone\neon\eclipseproblem\projectb\src\main\resources
2020-05-23 23:13:14,551 [Worker-17] INFO  o.e.m.c.i.embedder.EclipseLogger - Using 'UTF-8' encoding to copy filtered resources.
2020-05-23 23:13:14,551 [Worker-17] INFO  o.e.m.c.i.embedder.EclipseLogger - skip non existing resourceDirectory C:\Users\lenovo\Desktop\ECLIPSE_PROB\githubdanclone\neon\eclipseproblem\projectb\src\test\resources
2020-05-23 23:13:21,123 [main] INFO  o.e.m2e.actions.ExecutePomAction - Creating new launch configuration
2020-05-23 23:13:25,140 [Worker-0] INFO  o.e.m.i.launch.MavenLaunchDelegate - C:\Users\lenovo\Desktop\ECLIPSE_PROB\githubdanclone\neon\eclipseproblem\projectb
2020-05-23 23:13:25,140 [Worker-0] INFO  o.e.m.i.launch.MavenLaunchDelegate -  mvn -B clean install
2020-05-23 23:13:54,882 [main] INFO  o.e.m2e.actions.ExecutePomAction - Creating new launch configuration
2020-05-23 23:14:01,308 [Worker-1] INFO  o.e.m.i.launch.MavenLaunchDelegate - C:\Users\lenovo\Desktop\ECLIPSE_PROB\githubdanclone\neon\eclipseproblem\projecta
2020-05-23 23:14:01,308 [Worker-1] INFO  o.e.m.i.launch.MavenLaunchDelegate -  mvn -B clean install
2020-05-23 23:14:17,794 [Worker-11] INFO  o.e.m.c.i.l.LifecycleMappingFactory - Using org.eclipse.m2e.jdt.JarLifecycleMapping lifecycle mapping for MavenProject: com.mycompany.eclipseproblem:projecta:0.0.1-SNAPSHOT @ C:\Users\lenovo\Desktop\ECLIPSE_PROB\githubdanclone\neon\eclipseproblem\projecta\pom.xml.
2020-05-23 23:14:17,981 [Worker-11] INFO  o.e.m.c.i.embedder.EclipseLogger - Using 'UTF-8' encoding to copy filtered resources.
2020-05-23 23:14:17,982 [Worker-11] INFO  o.e.m.c.i.embedder.EclipseLogger - skip non existing resourceDirectory C:\Users\lenovo\Desktop\ECLIPSE_PROB\githubdanclone\neon\eclipseproblem\projecta\src\main\resources
2020-05-23 23:14:17,983 [Worker-11] INFO  o.e.m.c.i.embedder.EclipseLogger - Using 'UTF-8' encoding to copy filtered resources.
2020-05-23 23:14:17,983 [Worker-11] INFO  o.e.m.c.i.embedder.EclipseLogger - skip non existing resourceDirectory C:\Users\lenovo\Desktop\ECLIPSE_PROB\githubdanclone\neon\eclipseproblem\projecta\src\test\resources
2020-05-23 23:14:19,263 [Worker-11] INFO  o.e.m.c.i.embedder.EclipseLogger - Using 'UTF-8' encoding to copy filtered resources.
2020-05-23 23:14:19,264 [Worker-11] INFO  o.e.m.c.i.embedder.EclipseLogger - skip non existing resourceDirectory C:\Users\lenovo\Desktop\ECLIPSE_PROB\githubdanclone\neon\eclipseproblem\projecta\src\main\resources
2020-05-23 23:14:19,265 [Worker-11] INFO  o.e.m.c.i.embedder.EclipseLogger - Using 'UTF-8' encoding to copy filtered resources.
2020-05-23 23:14:19,266 [Worker-11] INFO  o.e.m.c.i.embedder.EclipseLogger - skip non existing resourceDirectory C:\Users\lenovo\Desktop\ECLIPSE_PROB\githubdanclone\neon\eclipseproblem\projecta\src\test\resources
2020-05-23 23:15:25,435 [Worker-17] INFO  o.e.m.c.i.l.LifecycleMappingFactory - Using org.eclipse.m2e.jdt.JarLifecycleMapping lifecycle mapping for MavenProject: com.mycompany.eclipseproblem:projectb:0.0.1-SNAPSHOT @ C:\Users\lenovo\Desktop\ECLIPSE_PROB\githubdanclone\neon\eclipseproblem\projectb\pom.xml.
2020-05-23 23:15:25,530 [Worker-17] INFO  o.e.m.c.i.l.LifecycleMappingFactory - Using org.eclipse.m2e.jdt.JarLifecycleMapping lifecycle mapping for MavenProject: com.mycompany.eclipseproblem:projecta:0.0.1-SNAPSHOT @ C:\Users\lenovo\Desktop\ECLIPSE_PROB\githubdanclone\neon\eclipseproblem\projecta\pom.xml.
2020-05-23 23:15:25,693 [Worker-17] INFO  o.e.m.c.i.embedder.EclipseLogger - Using 'UTF-8' encoding to copy filtered resources.
2020-05-23 23:15:25,693 [Worker-17] INFO  o.e.m.c.i.embedder.EclipseLogger - skip non existing resourceDirectory C:\Users\lenovo\Desktop\ECLIPSE_PROB\githubdanclone\neon\eclipseproblem\projectb\src\main\resources
2020-05-23 23:15:25,695 [Worker-17] INFO  o.e.m.c.i.embedder.EclipseLogger - Using 'UTF-8' encoding to copy filtered resources.
2020-05-23 23:15:25,695 [Worker-17] INFO  o.e.m.c.i.embedder.EclipseLogger - skip non existing resourceDirectory C:\Users\lenovo\Desktop\ECLIPSE_PROB\githubdanclone\neon\eclipseproblem\projectb\src\test\resources
2020-05-23 23:15:25,734 [Worker-17] INFO  o.e.m.c.i.embedder.EclipseLogger - Using 'UTF-8' encoding to copy filtered resources.
2020-05-23 23:15:25,734 [Worker-17] INFO  o.e.m.c.i.embedder.EclipseLogger - skip non existing resourceDirectory C:\Users\lenovo\Desktop\ECLIPSE_PROB\githubdanclone\neon\eclipseproblem\projecta\src\main\resources
2020-05-23 23:15:25,735 [Worker-17] INFO  o.e.m.c.i.embedder.EclipseLogger - Using 'UTF-8' encoding to copy filtered resources.
2020-05-23 23:15:25,736 [Worker-17] INFO  o.e.m.c.i.embedder.EclipseLogger - skip non existing resourceDirectory C:\Users\lenovo\Desktop\ECLIPSE_PROB\githubdanclone\neon\eclipseproblem\projecta\src\test\resources
2020-05-23 23:15:26,905 [Worker-11] INFO  o.e.m.c.i.embedder.EclipseLogger - Using 'UTF-8' encoding to copy filtered resources.
2020-05-23 23:15:26,906 [Worker-11] INFO  o.e.m.c.i.embedder.EclipseLogger - skip non existing resourceDirectory C:\Users\lenovo\Desktop\ECLIPSE_PROB\githubdanclone\neon\eclipseproblem\projectb\src\main\resources
2020-05-23 23:15:26,907 [Worker-11] INFO  o.e.m.c.i.embedder.EclipseLogger - Using 'UTF-8' encoding to copy filtered resources.
2020-05-23 23:15:26,907 [Worker-11] INFO  o.e.m.c.i.embedder.EclipseLogger - skip non existing resourceDirectory C:\Users\lenovo\Desktop\ECLIPSE_PROB\githubdanclone\neon\eclipseproblem\projectb\src\test\resources
2020-05-23 23:15:40,742 [Worker-17] INFO  o.e.m.c.i.embedder.EclipseLogger - Using 'UTF-8' encoding to copy filtered resources.
2020-05-23 23:15:40,743 [Worker-17] INFO  o.e.m.c.i.embedder.EclipseLogger - skip non existing resourceDirectory C:\Users\lenovo\Desktop\ECLIPSE_PROB\githubdanclone\neon\eclipseproblem\projectb\src\main\resources
2020-05-23 23:15:40,744 [Worker-17] INFO  o.e.m.c.i.embedder.EclipseLogger - Using 'UTF-8' encoding to copy filtered resources.
2020-05-23 23:15:40,745 [Worker-17] INFO  o.e.m.c.i.embedder.EclipseLogger - skip non existing resourceDirectory C:\Users\lenovo\Desktop\ECLIPSE_PROB\githubdanclone\neon\eclipseproblem\projectb\src\test\resources
2020-05-23 23:16:20,059 [Worker-20] INFO  o.e.m.c.i.embedder.EclipseLogger - Using 'UTF-8' encoding to copy filtered resources.
2020-05-23 23:16:20,059 [Worker-20] INFO  o.e.m.c.i.embedder.EclipseLogger - skip non existing resourceDirectory C:\Users\lenovo\Desktop\ECLIPSE_PROB\githubdanclone\neon\eclipseproblem\projecta\src\main\resources
2020-05-23 23:16:20,060 [Worker-20] INFO  o.e.m.c.i.embedder.EclipseLogger - Using 'UTF-8' encoding to copy filtered resources.
2020-05-23 23:16:20,061 [Worker-20] INFO  o.e.m.c.i.embedder.EclipseLogger - skip non existing resourceDirectory C:\Users\lenovo\Desktop\ECLIPSE_PROB\githubdanclone\neon\eclipseproblem\projecta\src\test\resources
2020-05-23 23:16:20,127 [Worker-20] INFO  o.e.m.c.i.embedder.EclipseLogger - Using 'UTF-8' encoding to copy filtered resources.
2020-05-23 23:16:20,128 [Worker-20] INFO  o.e.m.c.i.embedder.EclipseLogger - skip non existing resourceDirectory C:\Users\lenovo\Desktop\ECLIPSE_PROB\githubdanclone\neon\eclipseproblem\projectb\src\main\resources
2020-05-23 23:16:20,129 [Worker-20] INFO  o.e.m.c.i.embedder.EclipseLogger - Using 'UTF-8' encoding to copy filtered resources.
2020-05-23 23:16:20,130 [Worker-20] INFO  o.e.m.c.i.embedder.EclipseLogger - skip non existing resourceDirectory C:\Users\lenovo\Desktop\ECLIPSE_PROB\githubdanclone\neon\eclipseproblem\projectb\src\test\resources
2020-05-23 23:16:22,292 [Worker-0] INFO  o.e.m.c.i.embedder.EclipseLogger - Using 'UTF-8' encoding to copy filtered resources.
2020-05-23 23:16:22,293 [Worker-0] INFO  o.e.m.c.i.embedder.EclipseLogger - skip non existing resourceDirectory C:\Users\lenovo\Desktop\ECLIPSE_PROB\githubdanclone\neon\eclipseproblem\projecta\src\main\resources
2020-05-23 23:16:22,295 [Worker-0] INFO  o.e.m.c.i.embedder.EclipseLogger - Using 'UTF-8' encoding to copy filtered resources.
2020-05-23 23:16:22,296 [Worker-0] INFO  o.e.m.c.i.embedder.EclipseLogger - skip non existing resourceDirectory C:\Users\lenovo\Desktop\ECLIPSE_PROB\githubdanclone\neon\eclipseproblem\projecta\src\test\resources
2020-05-23 23:16:22,310 [Worker-0] INFO  o.e.m.c.i.embedder.EclipseLogger - Using 'UTF-8' encoding to copy filtered resources.
2020-05-23 23:16:22,310 [Worker-0] INFO  o.e.m.c.i.embedder.EclipseLogger - skip non existing resourceDirectory C:\Users\lenovo\Desktop\ECLIPSE_PROB\githubdanclone\neon\eclipseproblem\projectb\src\main\resources
2020-05-23 23:16:22,314 [Worker-0] INFO  o.e.m.c.i.embedder.EclipseLogger - Using 'UTF-8' encoding to copy filtered resources.
2020-05-23 23:16:22,315 [Worker-0] INFO  o.e.m.c.i.embedder.EclipseLogger - skip non existing resourceDirectory C:\Users\lenovo\Desktop\ECLIPSE_PROB\githubdanclone\neon\eclipseproblem\projectb\src\test\resources
2020-05-23 23:17:25,313 [Worker-22] INFO  o.e.m.c.i.embedder.EclipseLogger - Using 'UTF-8' encoding to copy filtered resources.
2020-05-23 23:17:25,314 [Worker-22] INFO  o.e.m.c.i.embedder.EclipseLogger - skip non existing resourceDirectory C:\Users\lenovo\Desktop\ECLIPSE_PROB\githubdanclone\neon\eclipseproblem\projecta\src\main\resources
2020-05-23 23:17:25,315 [Worker-22] INFO  o.e.m.c.i.embedder.EclipseLogger - Using 'UTF-8' encoding to copy filtered resources.
2020-05-23 23:17:25,315 [Worker-22] INFO  o.e.m.c.i.embedder.EclipseLogger - skip non existing resourceDirectory C:\Users\lenovo\Desktop\ECLIPSE_PROB\githubdanclone\neon\eclipseproblem\projecta\src\test\resources
2020-05-23 23:17:34,102 [Worker-17] INFO  o.e.m.c.i.p.ProjectConfigurationManager - Update started
2020-05-23 23:17:34,563 [Worker-17] INFO  o.e.m.c.i.l.LifecycleMappingFactory - Using org.eclipse.m2e.jdt.JarLifecycleMapping lifecycle mapping for MavenProject: com.mycompany.eclipseproblem:projecta:0.0.1-SNAPSHOT @ C:\Users\lenovo\Desktop\ECLIPSE_PROB\githubdanclone\neon\eclipseproblem\projecta\pom.xml.
2020-05-23 23:17:34,685 [Worker-17] INFO  o.e.m.c.i.l.LifecycleMappingFactory - Using org.eclipse.m2e.jdt.JarLifecycleMapping lifecycle mapping for MavenProject: com.mycompany.eclipseproblem:projectb:0.0.1-SNAPSHOT @ C:\Users\lenovo\Desktop\ECLIPSE_PROB\githubdanclone\neon\eclipseproblem\projectb\pom.xml.
2020-05-23 23:17:34,977 [Worker-17] INFO  o.e.m.j.i.AbstractJavaProjectConfigurator - Adding source folder /projecta/src/main/java
2020-05-23 23:17:34,978 [Worker-17] INFO  o.e.m.j.i.AbstractJavaProjectConfigurator - Adding source folder /projecta/src/test/java
2020-05-23 23:17:35,041 [Worker-17] INFO  o.e.m.j.i.AbstractJavaProjectConfigurator - Adding source folder /projectb/src/main/java
2020-05-23 23:17:35,042 [Worker-17] INFO  o.e.m.j.i.AbstractJavaProjectConfigurator - Adding source folder /projectb/src/test/java
2020-05-23 23:17:35,213 [Worker-17] INFO  o.e.m.c.i.p.ProjectConfigurationManager - Update completed: 1 sec
2020-05-23 23:17:35,387 [Worker-19] INFO  o.e.m.c.i.embedder.EclipseLogger - Using 'UTF-8' encoding to copy filtered resources.
2020-05-23 23:17:35,387 [Worker-19] INFO  o.e.m.c.i.embedder.EclipseLogger - skip non existing resourceDirectory C:\Users\lenovo\Desktop\ECLIPSE_PROB\githubdanclone\neon\eclipseproblem\projecta\src\main\resources
2020-05-23 23:17:35,389 [Worker-19] INFO  o.e.m.c.i.embedder.EclipseLogger - Using 'UTF-8' encoding to copy filtered resources.
2020-05-23 23:17:35,390 [Worker-19] INFO  o.e.m.c.i.embedder.EclipseLogger - skip non existing resourceDirectory C:\Users\lenovo\Desktop\ECLIPSE_PROB\githubdanclone\neon\eclipseproblem\projecta\src\test\resources
2020-05-23 23:17:35,857 [Worker-19] INFO  o.e.m.c.i.embedder.EclipseLogger - Using 'UTF-8' encoding to copy filtered resources.
2020-05-23 23:17:35,858 [Worker-19] INFO  o.e.m.c.i.embedder.EclipseLogger - skip non existing resourceDirectory C:\Users\lenovo\Desktop\ECLIPSE_PROB\githubdanclone\neon\eclipseproblem\projectb\src\main\resources
2020-05-23 23:17:35,859 [Worker-19] INFO  o.e.m.c.i.embedder.EclipseLogger - Using 'UTF-8' encoding to copy filtered resources.
2020-05-23 23:17:35,859 [Worker-19] INFO  o.e.m.c.i.embedder.EclipseLogger - skip non existing resourceDirectory C:\Users\lenovo\Desktop\ECLIPSE_PROB\githubdanclone\neon\eclipseproblem\projectb\src\test\resources
2020-05-23 23:17:35,937 [Worker-19] INFO  o.e.m.c.i.embedder.EclipseLogger - Using 'UTF-8' encoding to copy filtered resources.
2020-05-23 23:17:35,938 [Worker-19] INFO  o.e.m.c.i.embedder.EclipseLogger - skip non existing resourceDirectory C:\Users\lenovo\Desktop\ECLIPSE_PROB\githubdanclone\neon\eclipseproblem\projecta\src\main\resources
2020-05-23 23:17:35,939 [Worker-19] INFO  o.e.m.c.i.embedder.EclipseLogger - Using 'UTF-8' encoding to copy filtered resources.
2020-05-23 23:17:35,939 [Worker-19] INFO  o.e.m.c.i.embedder.EclipseLogger - skip non existing resourceDirectory C:\Users\lenovo\Desktop\ECLIPSE_PROB\githubdanclone\neon\eclipseproblem\projecta\src\test\resources
2020-05-23 23:26:01,762 [Worker-25] INFO  o.e.m.c.i.l.LifecycleMappingFactory - Using org.eclipse.m2e.jdt.JarLifecycleMapping lifecycle mapping for MavenProject: com.mycompany.eclipseproblem:projecta:0.0.1-SNAPSHOT @ C:\Users\lenovo\Desktop\ECLIPSE_PROB\githubdanclone\neon\eclipseproblem\projecta\pom.xml.
2020-05-23 23:26:01,861 [Worker-25] INFO  o.e.m.c.i.l.LifecycleMappingFactory - Using org.eclipse.m2e.jdt.JarLifecycleMapping lifecycle mapping for MavenProject: com.mycompany.eclipseproblem:projectb:0.0.1-SNAPSHOT @ C:\Users\lenovo\Desktop\ECLIPSE_PROB\githubdanclone\neon\eclipseproblem\projectb\pom.xml.
2020-05-23 23:26:02,201 [Worker-25] INFO  o.e.m.c.i.embedder.EclipseLogger - Using 'UTF-8' encoding to copy filtered resources.
2020-05-23 23:26:02,201 [Worker-25] INFO  o.e.m.c.i.embedder.EclipseLogger - skip non existing resourceDirectory C:\Users\lenovo\Desktop\ECLIPSE_PROB\githubdanclone\neon\eclipseproblem\projecta\src\main\resources
2020-05-23 23:26:02,202 [Worker-25] INFO  o.e.m.c.i.embedder.EclipseLogger - Using 'UTF-8' encoding to copy filtered resources.
2020-05-23 23:26:02,203 [Worker-25] INFO  o.e.m.c.i.embedder.EclipseLogger - skip non existing resourceDirectory C:\Users\lenovo\Desktop\ECLIPSE_PROB\githubdanclone\neon\eclipseproblem\projecta\src\test\resources
2020-05-23 23:26:02,537 [Worker-29] INFO  o.e.m.c.i.embedder.EclipseLogger - Using 'UTF-8' encoding to copy filtered resources.
2020-05-23 23:26:02,538 [Worker-29] INFO  o.e.m.c.i.embedder.EclipseLogger - skip non existing resourceDirectory C:\Users\lenovo\Desktop\ECLIPSE_PROB\githubdanclone\neon\eclipseproblem\projecta\src\main\resources
2020-05-23 23:26:02,539 [Worker-29] INFO  o.e.m.c.i.embedder.EclipseLogger - Using 'UTF-8' encoding to copy filtered resources.
2020-05-23 23:26:02,539 [Worker-29] INFO  o.e.m.c.i.embedder.EclipseLogger - skip non existing resourceDirectory C:\Users\lenovo\Desktop\ECLIPSE_PROB\githubdanclone\neon\eclipseproblem\projecta\src\test\resources
2020-05-23 23:26:02,694 [Worker-29] INFO  o.e.m.c.i.l.LifecycleMappingFactory - Using org.eclipse.m2e.jdt.JarLifecycleMapping lifecycle mapping for MavenProject: com.mycompany.eclipseproblem:projectb:0.0.1-SNAPSHOT @ C:\Users\lenovo\Desktop\ECLIPSE_PROB\githubdanclone\neon\eclipseproblem\projectb\pom.xml.
2020-05-23 23:26:02,761 [Worker-29] INFO  o.e.m.c.i.embedder.EclipseLogger - Using 'UTF-8' encoding to copy filtered resources.
2020-05-23 23:26:02,761 [Worker-29] INFO  o.e.m.c.i.embedder.EclipseLogger - skip non existing resourceDirectory C:\Users\lenovo\Desktop\ECLIPSE_PROB\githubdanclone\neon\eclipseproblem\projectb\src\main\resources
2020-05-23 23:26:02,762 [Worker-29] INFO  o.e.m.c.i.embedder.EclipseLogger - Using 'UTF-8' encoding to copy filtered resources.
2020-05-23 23:26:02,762 [Worker-29] INFO  o.e.m.c.i.embedder.EclipseLogger - skip non existing resourceDirectory C:\Users\lenovo\Desktop\ECLIPSE_PROB\githubdanclone\neon\eclipseproblem\projectb\src\test\resources
2020-05-23 23:26:03,894 [Worker-1] INFO  o.e.m.c.i.embedder.EclipseLogger - Using 'UTF-8' encoding to copy filtered resources.
2020-05-23 23:26:03,895 [Worker-1] INFO  o.e.m.c.i.embedder.EclipseLogger - skip non existing resourceDirectory C:\Users\lenovo\Desktop\ECLIPSE_PROB\githubdanclone\neon\eclipseproblem\projectb\src\main\resources
2020-05-23 23:26:03,896 [Worker-1] INFO  o.e.m.c.i.embedder.EclipseLogger - Using 'UTF-8' encoding to copy filtered resources.
2020-05-23 23:26:03,896 [Worker-1] INFO  o.e.m.c.i.embedder.EclipseLogger - skip non existing resourceDirectory C:\Users\lenovo\Desktop\ECLIPSE_PROB\githubdanclone\neon\eclipseproblem\projectb\src\test\resources
2020-05-23 23:26:28,877 [Worker-25] INFO  o.e.m.c.i.l.LifecycleMappingFactory - Using org.eclipse.m2e.jdt.JarLifecycleMapping lifecycle mapping for MavenProject: com.mycompany.eclipseproblem:projecta:0.0.1-SNAPSHOT @ C:\Users\lenovo\Desktop\ECLIPSE_PROB\githubdanclone\neon\eclipseproblem\projecta\pom.xml.
2020-05-23 23:26:28,994 [Worker-25] INFO  o.e.m.c.i.embedder.EclipseLogger - Using 'UTF-8' encoding to copy filtered resources.
2020-05-23 23:26:28,995 [Worker-25] INFO  o.e.m.c.i.embedder.EclipseLogger - skip non existing resourceDirectory C:\Users\lenovo\Desktop\ECLIPSE_PROB\githubdanclone\neon\eclipseproblem\projecta\src\main\resources
2020-05-23 23:26:28,997 [Worker-25] INFO  o.e.m.c.i.embedder.EclipseLogger - Using 'UTF-8' encoding to copy filtered resources.
2020-05-23 23:26:28,997 [Worker-25] INFO  o.e.m.c.i.embedder.EclipseLogger - skip non existing resourceDirectory C:\Users\lenovo\Desktop\ECLIPSE_PROB\githubdanclone\neon\eclipseproblem\projecta\src\test\resources
2020-05-23 23:26:29,156 [Worker-25] INFO  o.e.m.c.i.l.LifecycleMappingFactory - Using org.eclipse.m2e.jdt.JarLifecycleMapping lifecycle mapping for MavenProject: com.mycompany.eclipseproblem:projectb:0.0.1-SNAPSHOT @ C:\Users\lenovo\Desktop\ECLIPSE_PROB\githubdanclone\neon\eclipseproblem\projectb\pom.xml.
2020-05-23 23:26:29,290 [Worker-25] INFO  o.e.m.c.i.l.LifecycleMappingFactory - Using org.eclipse.m2e.jdt.JarLifecycleMapping lifecycle mapping for MavenProject: com.mycompany.eclipseproblem:projecta:0.0.1-SNAPSHOT @ C:\Users\lenovo\Desktop\ECLIPSE_PROB\githubdanclone\neon\eclipseproblem\projecta\pom.xml.
2020-05-23 23:26:29,440 [Worker-25] INFO  o.e.m.c.i.embedder.EclipseLogger - Using 'UTF-8' encoding to copy filtered resources.
2020-05-23 23:26:29,440 [Worker-25] INFO  o.e.m.c.i.embedder.EclipseLogger - skip non existing resourceDirectory C:\Users\lenovo\Desktop\ECLIPSE_PROB\githubdanclone\neon\eclipseproblem\projectb\src\main\resources
2020-05-23 23:26:29,441 [Worker-25] INFO  o.e.m.c.i.embedder.EclipseLogger - Using 'UTF-8' encoding to copy filtered resources.
2020-05-23 23:26:29,441 [Worker-25] INFO  o.e.m.c.i.embedder.EclipseLogger - skip non existing resourceDirectory C:\Users\lenovo\Desktop\ECLIPSE_PROB\githubdanclone\neon\eclipseproblem\projectb\src\test\resources
2020-05-23 23:26:30,580 [Worker-27] INFO  o.e.m.c.i.embedder.EclipseLogger - Using 'UTF-8' encoding to copy filtered resources.
2020-05-23 23:26:30,580 [Worker-27] INFO  o.e.m.c.i.embedder.EclipseLogger - skip non existing resourceDirectory C:\Users\lenovo\Desktop\ECLIPSE_PROB\githubdanclone\neon\eclipseproblem\projecta\src\main\resources
2020-05-23 23:26:30,581 [Worker-27] INFO  o.e.m.c.i.embedder.EclipseLogger - Using 'UTF-8' encoding to copy filtered resources.
2020-05-23 23:26:30,581 [Worker-27] INFO  o.e.m.c.i.embedder.EclipseLogger - skip non existing resourceDirectory C:\Users\lenovo\Desktop\ECLIPSE_PROB\githubdanclone\neon\eclipseproblem\projecta\src\test\resources
2020-05-23 23:26:30,632 [Worker-27] INFO  o.e.m.c.i.embedder.EclipseLogger - Using 'UTF-8' encoding to copy filtered resources.
2020-05-23 23:26:30,633 [Worker-27] INFO  o.e.m.c.i.embedder.EclipseLogger - skip non existing resourceDirectory C:\Users\lenovo\Desktop\ECLIPSE_PROB\githubdanclone\neon\eclipseproblem\projectb\src\main\resources
2020-05-23 23:26:30,634 [Worker-27] INFO  o.e.m.c.i.embedder.EclipseLogger - Using 'UTF-8' encoding to copy filtered resources.
2020-05-23 23:26:30,634 [Worker-27] INFO  o.e.m.c.i.embedder.EclipseLogger - skip non existing resourceDirectory C:\Users\lenovo\Desktop\ECLIPSE_PROB\githubdanclone\neon\eclipseproblem\projectb\src\test\resources
2020-05-23 23:46:10,893 [Worker-6] INFO  o.e.b.c.i.u.g.PublishedGradleVersions - Gradle version information cache is up-to-date. Trying to read.
2020-05-23 23:46:12,870 [Worker-0] INFO  o.e.m.c.i.embedder.EclipseLogger - Using 'UTF-8' encoding to copy filtered resources.
2020-05-23 23:46:12,871 [Worker-0] INFO  o.e.m.c.i.embedder.EclipseLogger - skip non existing resourceDirectory C:\Users\lenovo\Desktop\ECLIPSE_PROB\githubdanclone\neon\eclipseproblem\projecta\src\main\resources
2020-05-23 23:46:12,907 [Worker-0] INFO  o.e.m.c.i.embedder.EclipseLogger - Using 'UTF-8' encoding to copy filtered resources.
2020-05-23 23:46:12,907 [Worker-0] INFO  o.e.m.c.i.embedder.EclipseLogger - skip non existing resourceDirectory C:\Users\lenovo\Desktop\ECLIPSE_PROB\githubdanclone\neon\eclipseproblem\projecta\src\test\resources
2020-05-23 23:46:13,655 [Worker-0] INFO  o.e.m.c.i.embedder.EclipseLogger - Using 'UTF-8' encoding to copy filtered resources.
2020-05-23 23:46:13,656 [Worker-0] INFO  o.e.m.c.i.embedder.EclipseLogger - skip non existing resourceDirectory C:\Users\lenovo\Desktop\ECLIPSE_PROB\githubdanclone\neon\eclipseproblem\projectb\src\main\resources
2020-05-23 23:46:13,658 [Worker-0] INFO  o.e.m.c.i.embedder.EclipseLogger - Using 'UTF-8' encoding to copy filtered resources.
2020-05-23 23:46:13,658 [Worker-0] INFO  o.e.m.c.i.embedder.EclipseLogger - skip non existing resourceDirectory C:\Users\lenovo\Desktop\ECLIPSE_PROB\githubdanclone\neon\eclipseproblem\projectb\src\test\resources
2020-05-23 23:47:46,043 [logback configurator timer] DEBUG o.e.m.l.configuration.LogPlugin - Java properties (ordered by property name):
2020-05-23 23:47:46,047 [logback configurator timer] DEBUG o.e.m.l.configuration.LogPlugin -    applicationXMI=org.eclipse.ui.workbench/LegacyIDE.e4xmi
2020-05-23 23:47:46,047 [logback configurator timer] DEBUG o.e.m.l.configuration.LogPlugin -    awt.toolkit=sun.awt.windows.WToolkit
2020-05-23 23:47:46,047 [logback configurator timer] DEBUG o.e.m.l.configuration.LogPlugin -    eclipse.application=org.eclipse.ui.ide.workbench
2020-05-23 23:47:46,047 [logback configurator timer] DEBUG o.e.m.l.configuration.LogPlugin -    eclipse.buildId=4.6.3.M20170301-0400
2020-05-23 23:47:46,047 [logback configurator timer] DEBUG o.e.m.l.configuration.LogPlugin -    eclipse.commands=-os
win32
-ws
win32
-arch
x86_64
-showsplash
D:\Programs\eclipse_neon\\plugins\org.eclipse.platform_4.6.3.v20170301-0400\splash.bmp
-launcher
D:\Programs\eclipse_neon\eclipse.exe
-name
Eclipse
--launcher.library
D:\Programs\eclipse_neon\\plugins/org.eclipse.equinox.launcher.win32.win32.x86_64_1.1.401.v20161122-1740\eclipse_1617.dll
-startup
D:\Programs\eclipse_neon\\plugins/org.eclipse.equinox.launcher_1.3.201.v20161025-1711.jar
--launcher.appendVmargs
-product
org.eclipse.epp.package.jee.product
-data
file:/D:/ECLIPSE_WORKSPACES/ECLIPSE_PROB_NEON/
-launcher
D:\Programs\eclipse_neon\eclipse.exe
-product
org.eclipse.epp.package.jee.product
-vm
C:\Program Files\Java\jre1.8.0_152\bin\server\jvm.dll

2020-05-23 23:47:46,047 [logback configurator timer] DEBUG o.e.m.l.configuration.LogPlugin -    eclipse.home.location=file:/D:/Programs/eclipse_neon/
2020-05-23 23:47:46,047 [logback configurator timer] DEBUG o.e.m.l.configuration.LogPlugin -    eclipse.launcher=D:\Programs\eclipse_neon\eclipse.exe
2020-05-23 23:47:46,047 [logback configurator timer] DEBUG o.e.m.l.configuration.LogPlugin -    eclipse.launcher.name=Eclipse
2020-05-23 23:47:46,047 [logback configurator timer] DEBUG o.e.m.l.configuration.LogPlugin -    eclipse.p2.data.area=@config.dir/../p2/
2020-05-23 23:47:46,048 [logback configurator timer] DEBUG o.e.m.l.configuration.LogPlugin -    eclipse.p2.profile=epp.package.jee
2020-05-23 23:47:46,048 [logback configurator timer] DEBUG o.e.m.l.configuration.LogPlugin -    eclipse.product=org.eclipse.epp.package.jee.product
2020-05-23 23:47:46,048 [logback configurator timer] DEBUG o.e.m.l.configuration.LogPlugin -    eclipse.startTime=1590266863095
2020-05-23 23:47:46,048 [logback configurator timer] DEBUG o.e.m.l.configuration.LogPlugin -    eclipse.stateSaveDelayInterval=30000
2020-05-23 23:47:46,048 [logback configurator timer] DEBUG o.e.m.l.configuration.LogPlugin -    eclipse.vm=C:\Program Files\Java\jre1.8.0_152\bin\server\jvm.dll
2020-05-23 23:47:46,049 [logback configurator timer] DEBUG o.e.m.l.configuration.LogPlugin -    eclipse.vmargs=-Dosgi.requiredJavaVersion=1.8
-XX:+UseG1GC
-XX:+UseStringDeduplication
-Dosgi.requiredJavaVersion=1.8
-Xms256m
-Xmx1024m
-Dosgi.requiredJavaVersion=1.8
-XX:+UseG1GC
-XX:+UseStringDeduplication
-Dosgi.requiredJavaVersion=1.8
-Xms256m
-Xmx1024m
-Djava.class.path=D:\Programs\eclipse_neon\\plugins/org.eclipse.equinox.launcher_1.3.201.v20161025-1711.jar

2020-05-23 23:47:46,049 [logback configurator timer] DEBUG o.e.m.l.configuration.LogPlugin -    equinox.init.uuid=true
2020-05-23 23:47:46,049 [logback configurator timer] DEBUG o.e.m.l.configuration.LogPlugin -    equinox.use.ds=true
2020-05-23 23:47:46,049 [logback configurator timer] DEBUG o.e.m.l.configuration.LogPlugin -    file.encoding=Cp1254
2020-05-23 23:47:46,049 [logback configurator timer] DEBUG o.e.m.l.configuration.LogPlugin -    file.encoding.pkg=sun.io
2020-05-23 23:47:46,049 [logback configurator timer] DEBUG o.e.m.l.configuration.LogPlugin -    file.separator=\
2020-05-23 23:47:46,049 [logback configurator timer] DEBUG o.e.m.l.configuration.LogPlugin -    gosh.args=--nointeractive
2020-05-23 23:47:46,049 [logback configurator timer] DEBUG o.e.m.l.configuration.LogPlugin -    java.awt.graphicsenv=sun.awt.Win32GraphicsEnvironment
2020-05-23 23:47:46,049 [logback configurator timer] DEBUG o.e.m.l.configuration.LogPlugin -    java.awt.printerjob=sun.awt.windows.WPrinterJob
2020-05-23 23:47:46,049 [logback configurator timer] DEBUG o.e.m.l.configuration.LogPlugin -    java.class.path=D:\Programs\eclipse_neon\\plugins/org.eclipse.equinox.launcher_1.3.201.v20161025-1711.jar
2020-05-23 23:47:46,050 [logback configurator timer] DEBUG o.e.m.l.configuration.LogPlugin -    java.class.version=52.0
2020-05-23 23:47:46,050 [logback configurator timer] DEBUG o.e.m.l.configuration.LogPlugin -    java.endorsed.dirs=C:\Program Files\Java\jre1.8.0_152\lib\endorsed
2020-05-23 23:47:46,050 [logback configurator timer] DEBUG o.e.m.l.configuration.LogPlugin -    java.ext.dirs=C:\Program Files\Java\jre1.8.0_152\lib\ext;C:\WINDOWS\Sun\Java\lib\ext
2020-05-23 23:47:46,050 [logback configurator timer] DEBUG o.e.m.l.configuration.LogPlugin -    java.home=C:\Program Files\Java\jre1.8.0_152
2020-05-23 23:47:46,050 [logback configurator timer] DEBUG o.e.m.l.configuration.LogPlugin -    java.io.tmpdir=C:\Users\lenovo\AppData\Local\Temp\
2020-05-23 23:47:46,050 [logback configurator timer] DEBUG o.e.m.l.configuration.LogPlugin -    java.library.path=D:\Programs\eclipse_neon;C:\WINDOWS\Sun\Java\bin;C:\WINDOWS\system32;C:\WINDOWS;C:/Program Files/Java/jre1.8.0_152/bin/server;C:/Program Files/Java/jre1.8.0_152/bin;C:/Program Files/Java/jre1.8.0_152/lib/amd64;C:\Program Files (x86)\Common Files\Oracle\Java\javapath;C:\ProgramData\Oracle\Java\javapath;C:\Program Files\Java\jdk1.7.0_79\bin;C:\Program Files (x86)\Lenovo\FusionEngine;C:\Program Files (x86)\Intel\iCLS Client\;C:\Program Files\Intel\iCLS Client\;C:\Program Files (x86)\NVIDIA Corporation\PhysX\Common;C:\WINDOWS\system32;C:\WINDOWS;C:\WINDOWS\System32\Wbem;C:\WINDOWS\System32\WindowsPowerShell\v1.0\;C:\Program Files\Intel\Intel(R) Management Engine Components\DAL;C:\Program Files\Intel\Intel(R) Management Engine Components\IPT;C:\Program Files (x86)\Intel\Intel(R) Management Engine Components\DAL;C:\Program Files (x86)\Intel\Intel(R) Management Engine Components\IPT;C:\Program Files\Intel\WiFi\bin\;C:\Program Files\Common Files\Intel\WirelessCommon\;C:\Program Files (x86)\Common Files\lenovo\easyplussdk\bin;C:\Program Files\Git\cmd;C:\Program Files (x86)\PuTTY\;C:\Program Files\Microsoft SQL Server\Client SDK\ODBC\130\Tools\Binn\;C:\Program Files (x86)\Microsoft SQL Server\140\Tools\Binn\;C:\Program Files\Microsoft SQL Server\140\Tools\Binn\;C:\Program Files\Microsoft SQL Server\140\DTS\Binn\;C:\Program Files (x86)\Microsoft SQL Server\Client SDK\ODBC\130\Tools\Binn\;C:\Program Files (x86)\Microsoft SQL Server\140\DTS\Binn\;C:\Program Files (x86)\Microsoft SQL Server\140\Tools\Binn\ManagementStudio\;C:\WINDOWS\System32\OpenSSH\;D:\programs\apache-maven-3.3.3\bin;D:\programs\apache-ant-1.9.5\bin;C:\Users\lenovo\AppData\Local\Microsoft\WindowsApps;D:\Programs\gradle-5.2.1\bin;C:\Program Files\Java\jdk1.8.0_152\bin;C:\Users\lenovo\AppData\Local\GitHubDesktop\bin;D:\Programs\eclipse_neon;;.
2020-05-23 23:47:46,050 [logback configurator timer] DEBUG o.e.m.l.configuration.LogPlugin -    java.runtime.name=Java(TM) SE Runtime Environment
2020-05-23 23:47:46,050 [logback configurator timer] DEBUG o.e.m.l.configuration.LogPlugin -    java.runtime.version=1.8.0_152-b16
2020-05-23 23:47:46,050 [logback configurator timer] DEBUG o.e.m.l.configuration.LogPlugin -    java.specification.name=Java Platform API Specification
2020-05-23 23:47:46,050 [logback configurator timer] DEBUG o.e.m.l.configuration.LogPlugin -    java.specification.vendor=Oracle Corporation
2020-05-23 23:47:46,050 [logback configurator timer] DEBUG o.e.m.l.configuration.LogPlugin -    java.specification.version=1.8
2020-05-23 23:47:46,050 [logback configurator timer] DEBUG o.e.m.l.configuration.LogPlugin -    java.vendor=Oracle Corporation
2020-05-23 23:47:46,050 [logback configurator timer] DEBUG o.e.m.l.configuration.LogPlugin -    java.vendor.url=http://java.oracle.com/
2020-05-23 23:47:46,050 [logback configurator timer] DEBUG o.e.m.l.configuration.LogPlugin -    java.vendor.url.bug=http://bugreport.sun.com/bugreport/
2020-05-23 23:47:46,050 [logback configurator timer] DEBUG o.e.m.l.configuration.LogPlugin -    java.version=1.8.0_152
2020-05-23 23:47:46,050 [logback configurator timer] DEBUG o.e.m.l.configuration.LogPlugin -    java.vm.info=mixed mode
2020-05-23 23:47:46,051 [logback configurator timer] DEBUG o.e.m.l.configuration.LogPlugin -    java.vm.name=Java HotSpot(TM) 64-Bit Server VM
2020-05-23 23:47:46,051 [logback configurator timer] DEBUG o.e.m.l.configuration.LogPlugin -    java.vm.specification.name=Java Virtual Machine Specification
2020-05-23 23:47:46,051 [logback configurator timer] DEBUG o.e.m.l.configuration.LogPlugin -    java.vm.specification.vendor=Oracle Corporation
2020-05-23 23:47:46,051 [logback configurator timer] DEBUG o.e.m.l.configuration.LogPlugin -    java.vm.specification.version=1.8
2020-05-23 23:47:46,051 [logback configurator timer] DEBUG o.e.m.l.configuration.LogPlugin -    java.vm.vendor=Oracle Corporation
2020-05-23 23:47:46,051 [logback configurator timer] DEBUG o.e.m.l.configuration.LogPlugin -    java.vm.version=25.152-b16
2020-05-23 23:47:46,051 [logback configurator timer] DEBUG o.e.m.l.configuration.LogPlugin -    line.separator=

2020-05-23 23:47:46,051 [logback configurator timer] DEBUG o.e.m.l.configuration.LogPlugin -    org.eclipse.equinox.launcher.splash.handle=200122
2020-05-23 23:47:46,051 [logback configurator timer] DEBUG o.e.m.l.configuration.LogPlugin -    org.eclipse.equinox.launcher.splash.location=D:\Programs\eclipse_neon\\plugins\org.eclipse.platform_4.6.3.v20170301-0400\splash.bmp
2020-05-23 23:47:46,051 [logback configurator timer] DEBUG o.e.m.l.configuration.LogPlugin -    org.eclipse.equinox.simpleconfigurator.configUrl=file:org.eclipse.equinox.simpleconfigurator/bundles.info
2020-05-23 23:47:46,051 [logback configurator timer] DEBUG o.e.m.l.configuration.LogPlugin -    org.eclipse.m2e.log.dir=D:\ECLIPSE_WORKSPACES\ECLIPSE_PROB_NEON\.metadata\.plugins\org.eclipse.m2e.logback.configuration
2020-05-23 23:47:46,051 [logback configurator timer] DEBUG o.e.m.l.configuration.LogPlugin -    org.eclipse.swt.internal.deviceZoom=100
2020-05-23 23:47:46,051 [logback configurator timer] DEBUG o.e.m.l.configuration.LogPlugin -    org.eclipse.update.reconcile=false
2020-05-23 23:47:46,051 [logback configurator timer] DEBUG o.e.m.l.configuration.LogPlugin -    org.osgi.framework.executionenvironment=OSGi/Minimum-1.0,OSGi/Minimum-1.1,OSGi/Minimum-1.2,JavaSE/compact1-1.8,JavaSE/compact2-1.8,JavaSE/compact3-1.8,JRE-1.1,J2SE-1.2,J2SE-1.3,J2SE-1.4,J2SE-1.5,JavaSE-1.6,JavaSE-1.7,JavaSE-1.8
2020-05-23 23:47:46,051 [logback configurator timer] DEBUG o.e.m.l.configuration.LogPlugin -    org.osgi.framework.language=tr
2020-05-23 23:47:46,051 [logback configurator timer] DEBUG o.e.m.l.configuration.LogPlugin -    org.osgi.framework.os.name=Windows10
2020-05-23 23:47:46,052 [logback configurator timer] DEBUG o.e.m.l.configuration.LogPlugin -    org.osgi.framework.os.version=10.0.0
2020-05-23 23:47:46,052 [logback configurator timer] DEBUG o.e.m.l.configuration.LogPlugin -    org.osgi.framework.processor=x86-64
2020-05-23 23:47:46,052 [logback configurator timer] DEBUG o.e.m.l.configuration.LogPlugin -    org.osgi.framework.system.capabilities=osgi.ee; osgi.ee="OSGi/Minimum"; version:List<Version>="1.0, 1.1, 1.2",osgi.ee; osgi.ee="JRE"; version:List<Version>="1.0, 1.1",osgi.ee; osgi.ee="JavaSE"; version:List<Version>="1.0, 1.1, 1.2, 1.3, 1.4, 1.5, 1.6, 1.7, 1.8",osgi.ee; osgi.ee="JavaSE/compact1"; version:List<Version>="1.8",osgi.ee; osgi.ee="JavaSE/compact2"; version:List<Version>="1.8",osgi.ee; osgi.ee="JavaSE/compact3"; version:List<Version>="1.8"
2020-05-23 23:47:46,052 [logback configurator timer] DEBUG o.e.m.l.configuration.LogPlugin -    org.osgi.framework.system.packages=javax.accessibility,javax.activation,javax.activity,javax.annotation,javax.annotation.processing,javax.crypto,javax.crypto.interfaces,javax.crypto.spec,javax.imageio,javax.imageio.event,javax.imageio.metadata,javax.imageio.plugins.bmp,javax.imageio.plugins.jpeg,javax.imageio.spi,javax.imageio.stream,javax.jws,javax.jws.soap,javax.lang.model,javax.lang.model.element,javax.lang.model.type,javax.lang.model.util,javax.management,javax.management.loading,javax.management.modelmbean,javax.management.monitor,javax.management.openmbean,javax.management.relation,javax.management.remote,javax.management.remote.rmi,javax.management.timer,javax.naming,javax.naming.directory,javax.naming.event,javax.naming.ldap,javax.naming.spi,javax.net,javax.net.ssl,javax.print,javax.print.attribute,javax.print.attribute.standard,javax.print.event,javax.rmi,javax.rmi.CORBA,javax.rmi.ssl,javax.script,javax.security.auth,javax.security.auth.callback,javax.security.auth.kerberos,javax.security.auth.login,javax.security.auth.spi,javax.security.auth.x500,javax.security.cert,javax.security.sasl,javax.sound.midi,javax.sound.midi.spi,javax.sound.sampled,javax.sound.sampled.spi,javax.sql,javax.sql.rowset,javax.sql.rowset.serial,javax.sql.rowset.spi,javax.swing,javax.swing.border,javax.swing.colorchooser,javax.swing.event,javax.swing.filechooser,javax.swing.plaf,javax.swing.plaf.basic,javax.swing.plaf.metal,javax.swing.plaf.multi,javax.swing.plaf.nimbus,javax.swing.plaf.synth,javax.swing.table,javax.swing.text,javax.swing.text.html,javax.swing.text.html.parser,javax.swing.text.rtf,javax.swing.tree,javax.swing.undo,javax.tools,javax.transaction,javax.transaction.xa,javax.xml,javax.xml.bind,javax.xml.bind.annotation,javax.xml.bind.annotation.adapters,javax.xml.bind.attachment,javax.xml.bind.helpers,javax.xml.bind.util,javax.xml.crypto,javax.xml.crypto.dom,javax.xml.crypto.dsig,javax.xml.crypto.dsig.dom,javax.xml.crypto.dsig.keyinfo,javax.xml.crypto.dsig.spec,javax.xml.datatype,javax.xml.namespace,javax.xml.parsers,javax.xml.soap,javax.xml.stream,javax.xml.stream.events,javax.xml.stream.util,javax.xml.transform,javax.xml.transform.dom,javax.xml.transform.sax,javax.xml.transform.stax,javax.xml.transform.stream,javax.xml.validation,javax.xml.ws,javax.xml.ws.handler,javax.xml.ws.handler.soap,javax.xml.ws.http,javax.xml.ws.soap,javax.xml.ws.spi,javax.xml.ws.spi.http,javax.xml.ws.wsaddressing,javax.xml.xpath,org.ietf.jgss,org.omg.CORBA,org.omg.CORBA_2_3,org.omg.CORBA_2_3.portable,org.omg.CORBA.DynAnyPackage,org.omg.CORBA.ORBPackage,org.omg.CORBA.portable,org.omg.CORBA.TypeCodePackage,org.omg.CosNaming,org.omg.CosNaming.NamingContextExtPackage,org.omg.CosNaming.NamingContextPackage,org.omg.Dynamic,org.omg.DynamicAny,org.omg.DynamicAny.DynAnyFactoryPackage,org.omg.DynamicAny.DynAnyPackage,org.omg.IOP,org.omg.IOP.CodecFactoryPackage,org.omg.IOP.CodecPackage,org.omg.Messaging,org.omg.PortableInterceptor,org.omg.PortableInterceptor.ORBInitInfoPackage,org.omg.PortableServer,org.omg.PortableServer.CurrentPackage,org.omg.PortableServer.POAManagerPackage,org.omg.PortableServer.POAPackage,org.omg.PortableServer.portable,org.omg.PortableServer.ServantLocatorPackage,org.omg.SendingContext,org.omg.stub.java.rmi,org.w3c.dom,org.w3c.dom.bootstrap,org.w3c.dom.css,org.w3c.dom.events,org.w3c.dom.html,org.w3c.dom.ls,org.w3c.dom.ranges,org.w3c.dom.stylesheets,org.w3c.dom.traversal,org.w3c.dom.views,org.w3c.dom.xpath,org.xml.sax,org.xml.sax.ext,org.xml.sax.helpers
2020-05-23 23:47:46,052 [logback configurator timer] DEBUG o.e.m.l.configuration.LogPlugin -    org.osgi.framework.uuid=66682ec3-b8f2-41fc-a214-fe6db80e6767
2020-05-23 23:47:46,052 [logback configurator timer] DEBUG o.e.m.l.configuration.LogPlugin -    org.osgi.framework.vendor=Eclipse
2020-05-23 23:47:46,052 [logback configurator timer] DEBUG o.e.m.l.configuration.LogPlugin -    org.osgi.framework.version=1.8.0
2020-05-23 23:47:46,052 [logback configurator timer] DEBUG o.e.m.l.configuration.LogPlugin -    org.osgi.supports.framework.extension=true
2020-05-23 23:47:46,052 [logback configurator timer] DEBUG o.e.m.l.configuration.LogPlugin -    org.osgi.supports.framework.fragment=true
2020-05-23 23:47:46,052 [logback configurator timer] DEBUG o.e.m.l.configuration.LogPlugin -    org.osgi.supports.framework.requirebundle=true
2020-05-23 23:47:46,052 [logback configurator timer] DEBUG o.e.m.l.configuration.LogPlugin -    os.arch=amd64
2020-05-23 23:47:46,052 [logback configurator timer] DEBUG o.e.m.l.configuration.LogPlugin -    os.name=Windows 10
2020-05-23 23:47:46,052 [logback configurator timer] DEBUG o.e.m.l.configuration.LogPlugin -    os.version=10.0
2020-05-23 23:47:46,052 [logback configurator timer] DEBUG o.e.m.l.configuration.LogPlugin -    osgi.arch=x86_64
2020-05-23 23:47:46,052 [logback configurator timer] DEBUG o.e.m.l.configuration.LogPlugin -    osgi.bundles=reference:file:org.eclipse.osgi.compatibility.state_1.0.200.v20160504-1419.jar,reference:file:org.eclipse.wst.jsdt.nashorn.extension_1.0.2.v201610280128.jar,reference:file:org.eclipse.equinox.simpleconfigurator_1.1.200.v20160504-1450.jar@1:start
2020-05-23 23:47:46,052 [logback configurator timer] DEBUG o.e.m.l.configuration.LogPlugin -    osgi.bundles.defaultStartLevel=4
2020-05-23 23:47:46,052 [logback configurator timer] DEBUG o.e.m.l.configuration.LogPlugin -    osgi.compatibility.bootdelegation=true
2020-05-23 23:47:46,053 [logback configurator timer] DEBUG o.e.m.l.configuration.LogPlugin -    osgi.compatibility.bootdelegation.default=true
2020-05-23 23:47:46,053 [logback configurator timer] DEBUG o.e.m.l.configuration.LogPlugin -    osgi.configuration.area=file:/D:/Programs/eclipse_neon/configuration/
2020-05-23 23:47:46,053 [logback configurator timer] DEBUG o.e.m.l.configuration.LogPlugin -    osgi.framework=file:/d:/Programs/eclipse_neon/plugins/org.eclipse.osgi_3.11.3.v20170209-1843.jar
2020-05-23 23:47:46,053 [logback configurator timer] DEBUG o.e.m.l.configuration.LogPlugin -    osgi.framework.extensions=reference:file:org.eclipse.osgi.compatibility.state_1.0.200.v20160504-1419.jar,reference:file:org.eclipse.wst.jsdt.nashorn.extension_1.0.2.v201610280128.jar
2020-05-23 23:47:46,053 [logback configurator timer] DEBUG o.e.m.l.configuration.LogPlugin -    osgi.framework.shape=jar
2020-05-23 23:47:46,053 [logback configurator timer] DEBUG o.e.m.l.configuration.LogPlugin -    osgi.framework.useSystemProperties=true
2020-05-23 23:47:46,053 [logback configurator timer] DEBUG o.e.m.l.configuration.LogPlugin -    osgi.frameworkClassPath=., file:d:/Programs/eclipse_neon/plugins/org.eclipse.osgi.compatibility.state_1.0.200.v20160504-1419.jar, file:d:/Programs/eclipse_neon/plugins/org.eclipse.wst.jsdt.nashorn.extension_1.0.2.v201610280128.jar
2020-05-23 23:47:46,053 [logback configurator timer] DEBUG o.e.m.l.configuration.LogPlugin -    osgi.install.area=file:/D:/Programs/eclipse_neon/
2020-05-23 23:47:46,053 [logback configurator timer] DEBUG o.e.m.l.configuration.LogPlugin -    osgi.instance.area=file:/D:/ECLIPSE_WORKSPACES/ECLIPSE_PROB_NEON/
2020-05-23 23:47:46,053 [logback configurator timer] DEBUG o.e.m.l.configuration.LogPlugin -    osgi.instance.area.default=file:/C:/Users/lenovo/workspace/
2020-05-23 23:47:46,053 [logback configurator timer] DEBUG o.e.m.l.configuration.LogPlugin -    osgi.logfile=D:\ECLIPSE_WORKSPACES\ECLIPSE_PROB_NEON\.metadata\.log
2020-05-23 23:47:46,053 [logback configurator timer] DEBUG o.e.m.l.configuration.LogPlugin -    osgi.nl=tr_TR
2020-05-23 23:47:46,053 [logback configurator timer] DEBUG o.e.m.l.configuration.LogPlugin -    osgi.os=win32
2020-05-23 23:47:46,053 [logback configurator timer] DEBUG o.e.m.l.configuration.LogPlugin -    osgi.requiredJavaVersion=1.8
2020-05-23 23:47:46,053 [logback configurator timer] DEBUG o.e.m.l.configuration.LogPlugin -    osgi.splashLocation=D:\Programs\eclipse_neon\\plugins\org.eclipse.platform_4.6.3.v20170301-0400\splash.bmp
2020-05-23 23:47:46,053 [logback configurator timer] DEBUG o.e.m.l.configuration.LogPlugin -    osgi.splashPath=platform:/base/plugins/org.eclipse.platform
2020-05-23 23:47:46,053 [logback configurator timer] DEBUG o.e.m.l.configuration.LogPlugin -    osgi.syspath=d:\Programs\eclipse_neon\plugins
2020-05-23 23:47:46,053 [logback configurator timer] DEBUG o.e.m.l.configuration.LogPlugin -    osgi.tracefile=D:\ECLIPSE_WORKSPACES\ECLIPSE_PROB_NEON\.metadata\trace.log
2020-05-23 23:47:46,053 [logback configurator timer] DEBUG o.e.m.l.configuration.LogPlugin -    osgi.ws=win32
2020-05-23 23:47:46,054 [logback configurator timer] DEBUG o.e.m.l.configuration.LogPlugin -    path.separator=;
2020-05-23 23:47:46,054 [logback configurator timer] DEBUG o.e.m.l.configuration.LogPlugin -    sun.arch.data.model=64
2020-05-23 23:47:46,054 [logback configurator timer] DEBUG o.e.m.l.configuration.LogPlugin -    sun.boot.class.path=C:\Program Files\Java\jre1.8.0_152\lib\resources.jar;C:\Program Files\Java\jre1.8.0_152\lib\rt.jar;C:\Program Files\Java\jre1.8.0_152\lib\sunrsasign.jar;C:\Program Files\Java\jre1.8.0_152\lib\jsse.jar;C:\Program Files\Java\jre1.8.0_152\lib\jce.jar;C:\Program Files\Java\jre1.8.0_152\lib\charsets.jar;C:\Program Files\Java\jre1.8.0_152\lib\jfr.jar;C:\Program Files\Java\jre1.8.0_152\classes
2020-05-23 23:47:46,054 [logback configurator timer] DEBUG o.e.m.l.configuration.LogPlugin -    sun.boot.library.path=C:\Program Files\Java\jre1.8.0_152\bin
2020-05-23 23:47:46,054 [logback configurator timer] DEBUG o.e.m.l.configuration.LogPlugin -    sun.cpu.endian=little
2020-05-23 23:47:46,054 [logback configurator timer] DEBUG o.e.m.l.configuration.LogPlugin -    sun.cpu.isalist=amd64
2020-05-23 23:47:46,054 [logback configurator timer] DEBUG o.e.m.l.configuration.LogPlugin -    sun.desktop=windows
2020-05-23 23:47:46,054 [logback configurator timer] DEBUG o.e.m.l.configuration.LogPlugin -    sun.io.unicode.encoding=UnicodeLittle
2020-05-23 23:47:46,054 [logback configurator timer] DEBUG o.e.m.l.configuration.LogPlugin -    sun.jnu.encoding=Cp1254
2020-05-23 23:47:46,054 [logback configurator timer] DEBUG o.e.m.l.configuration.LogPlugin -    sun.management.compiler=HotSpot 64-Bit Tiered Compilers
2020-05-23 23:47:46,054 [logback configurator timer] DEBUG o.e.m.l.configuration.LogPlugin -    sun.os.patch.level=
2020-05-23 23:47:46,054 [logback configurator timer] DEBUG o.e.m.l.configuration.LogPlugin -    user.country=TR
2020-05-23 23:47:46,054 [logback configurator timer] DEBUG o.e.m.l.configuration.LogPlugin -    user.country.format=US
2020-05-23 23:47:46,054 [logback configurator timer] DEBUG o.e.m.l.configuration.LogPlugin -    user.dir=D:\Programs\eclipse_neon
2020-05-23 23:47:46,054 [logback configurator timer] DEBUG o.e.m.l.configuration.LogPlugin -    user.home=C:\Users\lenovo
2020-05-23 23:47:46,054 [logback configurator timer] DEBUG o.e.m.l.configuration.LogPlugin -    user.language=tr
2020-05-23 23:47:46,054 [logback configurator timer] DEBUG o.e.m.l.configuration.LogPlugin -    user.language.format=en
2020-05-23 23:47:46,054 [logback configurator timer] DEBUG o.e.m.l.configuration.LogPlugin -    user.name=lenovo
2020-05-23 23:47:46,055 [logback configurator timer] DEBUG o.e.m.l.configuration.LogPlugin -    user.script=
2020-05-23 23:47:46,055 [logback configurator timer] DEBUG o.e.m.l.configuration.LogPlugin -    user.timezone=Asia/Istanbul
2020-05-23 23:47:46,055 [logback configurator timer] DEBUG o.e.m.l.configuration.LogPlugin -    user.variant=
2020-05-23 23:47:58,518 [Worker-0] INFO  o.e.b.c.i.u.g.PublishedGradleVersions - Gradle version information cache is up-to-date. Trying to read.
2020-05-23 23:48:01,721 [Worker-2] DEBUG org.eclipse.jgit.util.FS - readpipe [git, --version],C:\Program Files\Git\cmd
2020-05-23 23:48:02,649 [Worker-2] DEBUG org.eclipse.jgit.util.FS - readpipe may return 'git version 2.8.2.windows.1'
2020-05-23 23:48:02,649 [Worker-2] DEBUG org.eclipse.jgit.util.FS - remaining output:

2020-05-23 23:48:02,918 [Worker-2] DEBUG org.eclipse.jgit.util.FS - readpipe [git, config, --system, --edit],C:\Program Files\Git\cmd
2020-05-23 23:48:04,423 [Worker-2] DEBUG org.eclipse.jgit.util.FS - readpipe may return 'C:/Program Files/Git/mingw64/etc/gitconfig'
2020-05-23 23:48:04,423 [Worker-2] DEBUG org.eclipse.jgit.util.FS - remaining output:

2020-05-23 23:48:39,969 [Worker-15] DEBUG o.e.m.c.i.builder.MavenBuilder - Cleaning project projecta
2020-05-23 23:48:40,057 [Worker-15] DEBUG o.e.a.i.i.DefaultLocalRepositoryProvider - Using manager EnhancedLocalRepositoryManager with priority 10.0 for C:\Users\lenovo\.m2\repository
2020-05-23 23:48:40,075 [Worker-15] DEBUG o.e.a.i.i.DefaultLocalRepositoryProvider - Using manager EnhancedLocalRepositoryManager with priority 10.0 for C:\Users\lenovo\.m2\repository
2020-05-23 23:48:40,078 [Worker-15] DEBUG o.e.m.c.internal.embedder.MavenImpl - Reading Maven project: C:\Users\lenovo\Desktop\ECLIPSE_PROB\githubdanclone\neon\eclipseproblem\projecta\pom.xml
2020-05-23 23:48:40,278 [Worker-15] DEBUG o.e.a.i.i.DefaultDependencyCollector - Dependency collection stats: {ConflictMarker.analyzeTime=1, ConflictMarker.markTime=0, ConflictMarker.nodeCount=3, ConflictIdSorter.graphTime=0, ConflictIdSorter.topsortTime=1, ConflictIdSorter.conflictIdCount=2, ConflictIdSorter.conflictIdCycleCount=0, ConflictResolver.totalTime=3, ConflictResolver.conflictItemCount=2, DefaultDependencyCollector.collectTime=107, DefaultDependencyCollector.transformTime=25}
2020-05-23 23:48:40,283 [Worker-15] DEBUG o.e.m.c.internal.embedder.MavenImpl - Read Maven project: C:\Users\lenovo\Desktop\ECLIPSE_PROB\githubdanclone\neon\eclipseproblem\projecta\pom.xml in 205 ms
2020-05-23 23:48:40,287 [Worker-15] DEBUG o.e.m.c.p.c.AbstractCustomizableLifecycleMapping - Build participants for MavenProject: com.mycompany.eclipseproblem:projecta:0.0.1-SNAPSHOT @ C:\Users\lenovo\Desktop\ECLIPSE_PROB\githubdanclone\neon\eclipseproblem\projecta\pom.xml
2020-05-23 23:48:40,321 [Worker-15] DEBUG o.e.m.c.i.l.LifecycleMappingFactory - projecta is configured by :
2020-05-23 23:48:40,321 [Worker-15] DEBUG o.e.m.c.i.l.LifecycleMappingFactory - 	- org.eclipse.m2e.jdt.javaConfigurator
2020-05-23 23:48:40,321 [Worker-15] DEBUG o.e.m.c.i.l.LifecycleMappingFactory - 	- org.maven.ide.eclipse.configuration.wtp.java.unsupportedDependencyTypeConfigurator
2020-05-23 23:48:40,321 [Worker-15] DEBUG o.e.m.c.i.l.LifecycleMappingFactory - 	- org.eclipse.m2e.wtp.jpa.configurator.jdt
2020-05-23 23:48:40,321 [Worker-15] DEBUG o.e.m.c.i.l.LifecycleMappingFactory - 	- org.maven.ide.eclipse.configuration.wtp.utility.configurator
2020-05-23 23:48:40,321 [Worker-15] DEBUG o.e.m.c.i.l.LifecycleMappingFactory - 	- org.maven.ide.eclipse.configuration.wtp.webfragment.configurator
2020-05-23 23:48:40,321 [Worker-15] DEBUG o.e.m.c.i.l.LifecycleMappingFactory - 	- org.sonatype.m2e.mavenarchiver.jararchiverconfigurator
2020-05-23 23:48:40,329 [Worker-15] DEBUG o.e.m.c.p.c.AbstractCustomizableLifecycleMapping - Mojo execution key: org.apache.maven.plugins:maven-resources-plugin:2.6:resources (execution: default-resources, phase: process-resources)
2020-05-23 23:48:40,329 [Worker-15] DEBUG o.e.m.c.p.c.AbstractCustomizableLifecycleMapping - 	Action: execute
2020-05-23 23:48:40,403 [Worker-15] DEBUG o.e.m.c.p.c.AbstractCustomizableLifecycleMapping - Mojo execution key: org.apache.maven.plugins:maven-compiler-plugin:3.1:compile (execution: default-compile, phase: compile)
2020-05-23 23:48:40,461 [Worker-15] DEBUG o.e.m.c.p.c.AbstractCustomizableLifecycleMapping - Mojo execution key: org.apache.maven.plugins:maven-resources-plugin:2.6:testResources (execution: default-testResources, phase: process-test-resources)
2020-05-23 23:48:40,461 [Worker-15] DEBUG o.e.m.c.p.c.AbstractCustomizableLifecycleMapping - 	Action: execute
2020-05-23 23:48:40,462 [Worker-15] DEBUG o.e.m.c.p.c.AbstractCustomizableLifecycleMapping - Mojo execution key: org.apache.maven.plugins:maven-compiler-plugin:3.1:testCompile (execution: default-testCompile, phase: test-compile)
2020-05-23 23:48:40,462 [Worker-15] DEBUG o.e.m.c.p.c.AbstractCustomizableLifecycleMapping - Mojo execution key: org.apache.maven.plugins:maven-surefire-plugin:2.12.4:test (execution: default-test, phase: test)
2020-05-23 23:48:40,462 [Worker-15] DEBUG o.e.m.c.p.c.AbstractCustomizableLifecycleMapping - Mojo execution key: org.apache.maven.plugins:maven-jar-plugin:2.4:jar (execution: default-jar, phase: package)
2020-05-23 23:48:40,513 [Worker-15] DEBUG o.e.m.c.p.c.AbstractCustomizableLifecycleMapping - 	Action: configurator
2020-05-23 23:48:40,513 [Worker-15] DEBUG o.e.m.c.p.c.AbstractCustomizableLifecycleMapping - 		Project configurator : id=org.sonatype.m2e.mavenarchiver.jararchiverconfigurator class=org.sonatype.m2e.mavenarchiver.internal.JarArchiverConfigurator
2020-05-23 23:48:40,513 [Worker-15] DEBUG o.e.m.c.p.c.AbstractCustomizableLifecycleMapping - 		Build participant: org.sonatype.m2e.mavenarchiver.internal.AbstractMavenArchiverConfigurator$1
2020-05-23 23:48:40,513 [Worker-15] DEBUG o.e.m.c.p.c.AbstractCustomizableLifecycleMapping - Mojo execution key: org.apache.maven.plugins:maven-install-plugin:2.4:install (execution: default-install, phase: install)
2020-05-23 23:48:40,513 [Worker-15] DEBUG o.e.m.c.p.c.AbstractCustomizableLifecycleMapping - Mojo execution key: org.apache.maven.plugins:maven-deploy-plugin:2.7:deploy (execution: default-deploy, phase: deploy)
2020-05-23 23:48:40,516 [Worker-15] DEBUG o.e.m.c.i.builder.MavenBuilder - Cleaned project projecta in 547 ms
2020-05-23 23:48:40,529 [Worker-15] DEBUG o.e.m.c.i.builder.MavenBuilder - Cleaning project projectb
2020-05-23 23:48:40,533 [Worker-15] DEBUG o.e.a.i.i.DefaultLocalRepositoryProvider - Using manager EnhancedLocalRepositoryManager with priority 10.0 for C:\Users\lenovo\.m2\repository
2020-05-23 23:48:40,537 [Worker-15] DEBUG o.e.a.i.i.DefaultLocalRepositoryProvider - Using manager EnhancedLocalRepositoryManager with priority 10.0 for C:\Users\lenovo\.m2\repository
2020-05-23 23:48:40,537 [Worker-15] DEBUG o.e.m.c.internal.embedder.MavenImpl - Reading Maven project: C:\Users\lenovo\Desktop\ECLIPSE_PROB\githubdanclone\neon\eclipseproblem\projectb\pom.xml
2020-05-23 23:48:40,550 [Worker-15] DEBUG o.e.a.i.i.DefaultDependencyCollector - Dependency collection stats: {ConflictMarker.analyzeTime=0, ConflictMarker.markTime=0, ConflictMarker.nodeCount=3, ConflictIdSorter.graphTime=0, ConflictIdSorter.topsortTime=0, ConflictIdSorter.conflictIdCount=2, ConflictIdSorter.conflictIdCycleCount=0, ConflictResolver.totalTime=0, ConflictResolver.conflictItemCount=2, DefaultDependencyCollector.collectTime=8, DefaultDependencyCollector.transformTime=0}
2020-05-23 23:48:40,552 [Worker-15] DEBUG o.e.m.c.internal.embedder.MavenImpl - Read Maven project: C:\Users\lenovo\Desktop\ECLIPSE_PROB\githubdanclone\neon\eclipseproblem\projectb\pom.xml in 15 ms
2020-05-23 23:48:40,552 [Worker-15] DEBUG o.e.m.c.p.c.AbstractCustomizableLifecycleMapping - Build participants for MavenProject: com.mycompany.eclipseproblem:projectb:0.0.1-SNAPSHOT @ C:\Users\lenovo\Desktop\ECLIPSE_PROB\githubdanclone\neon\eclipseproblem\projectb\pom.xml
2020-05-23 23:48:40,553 [Worker-15] DEBUG o.e.m.c.i.l.LifecycleMappingFactory - projectb is configured by :
2020-05-23 23:48:40,553 [Worker-15] DEBUG o.e.m.c.i.l.LifecycleMappingFactory - 	- org.eclipse.m2e.jdt.javaConfigurator
2020-05-23 23:48:40,553 [Worker-15] DEBUG o.e.m.c.i.l.LifecycleMappingFactory - 	- org.maven.ide.eclipse.configuration.wtp.java.unsupportedDependencyTypeConfigurator
2020-05-23 23:48:40,553 [Worker-15] DEBUG o.e.m.c.i.l.LifecycleMappingFactory - 	- org.eclipse.m2e.wtp.jpa.configurator.jdt
2020-05-23 23:48:40,553 [Worker-15] DEBUG o.e.m.c.i.l.LifecycleMappingFactory - 	- org.maven.ide.eclipse.configuration.wtp.utility.configurator
2020-05-23 23:48:40,553 [Worker-15] DEBUG o.e.m.c.i.l.LifecycleMappingFactory - 	- org.maven.ide.eclipse.configuration.wtp.webfragment.configurator
2020-05-23 23:48:40,553 [Worker-15] DEBUG o.e.m.c.i.l.LifecycleMappingFactory - 	- org.sonatype.m2e.mavenarchiver.jararchiverconfigurator
2020-05-23 23:48:40,554 [Worker-15] DEBUG o.e.m.c.p.c.AbstractCustomizableLifecycleMapping - Mojo execution key: org.apache.maven.plugins:maven-resources-plugin:2.6:resources (execution: default-resources, phase: process-resources)
2020-05-23 23:48:40,555 [Worker-15] DEBUG o.e.m.c.p.c.AbstractCustomizableLifecycleMapping - 	Action: execute
2020-05-23 23:48:40,555 [Worker-15] DEBUG o.e.m.c.p.c.AbstractCustomizableLifecycleMapping - Mojo execution key: org.apache.maven.plugins:maven-compiler-plugin:3.1:compile (execution: default-compile, phase: compile)
2020-05-23 23:48:40,556 [Worker-15] DEBUG o.e.m.c.p.c.AbstractCustomizableLifecycleMapping - Mojo execution key: org.apache.maven.plugins:maven-resources-plugin:2.6:testResources (execution: default-testResources, phase: process-test-resources)
2020-05-23 23:48:40,556 [Worker-15] DEBUG o.e.m.c.p.c.AbstractCustomizableLifecycleMapping - 	Action: execute
2020-05-23 23:48:40,556 [Worker-15] DEBUG o.e.m.c.p.c.AbstractCustomizableLifecycleMapping - Mojo execution key: org.apache.maven.plugins:maven-compiler-plugin:3.1:testCompile (execution: default-testCompile, phase: test-compile)
2020-05-23 23:48:40,556 [Worker-15] DEBUG o.e.m.c.p.c.AbstractCustomizableLifecycleMapping - Mojo execution key: org.apache.maven.plugins:maven-surefire-plugin:2.12.4:test (execution: default-test, phase: test)
2020-05-23 23:48:40,556 [Worker-15] DEBUG o.e.m.c.p.c.AbstractCustomizableLifecycleMapping - Mojo execution key: org.apache.maven.plugins:maven-jar-plugin:2.4:jar (execution: default-jar, phase: package)
2020-05-23 23:48:40,556 [Worker-15] DEBUG o.e.m.c.p.c.AbstractCustomizableLifecycleMapping - 	Action: configurator
2020-05-23 23:48:40,556 [Worker-15] DEBUG o.e.m.c.p.c.AbstractCustomizableLifecycleMapping - 		Project configurator : id=org.sonatype.m2e.mavenarchiver.jararchiverconfigurator class=org.sonatype.m2e.mavenarchiver.internal.JarArchiverConfigurator
2020-05-23 23:48:40,556 [Worker-15] DEBUG o.e.m.c.p.c.AbstractCustomizableLifecycleMapping - 		Build participant: org.sonatype.m2e.mavenarchiver.internal.AbstractMavenArchiverConfigurator$1
2020-05-23 23:48:40,557 [Worker-15] DEBUG o.e.m.c.p.c.AbstractCustomizableLifecycleMapping - Mojo execution key: org.apache.maven.plugins:maven-install-plugin:2.4:install (execution: default-install, phase: install)
2020-05-23 23:48:40,557 [Worker-15] DEBUG o.e.m.c.p.c.AbstractCustomizableLifecycleMapping - Mojo execution key: org.apache.maven.plugins:maven-deploy-plugin:2.7:deploy (execution: default-deploy, phase: deploy)
2020-05-23 23:48:40,557 [Worker-15] DEBUG o.e.m.c.i.builder.MavenBuilder - Cleaned project projectb in 28 ms
2020-05-23 23:48:40,745 [Worker-7] DEBUG o.e.m.c.i.builder.MavenBuilder - Building project projecta
2020-05-23 23:48:40,749 [Worker-7] DEBUG o.e.a.i.i.DefaultLocalRepositoryProvider - Using manager EnhancedLocalRepositoryManager with priority 10.0 for C:\Users\lenovo\.m2\repository
2020-05-23 23:48:40,750 [Worker-7] DEBUG o.e.m.c.p.c.AbstractCustomizableLifecycleMapping - Build participants for MavenProject: com.mycompany.eclipseproblem:projecta:0.0.1-SNAPSHOT @ C:\Users\lenovo\Desktop\ECLIPSE_PROB\githubdanclone\neon\eclipseproblem\projecta\pom.xml
2020-05-23 23:48:40,750 [Worker-7] DEBUG o.e.m.c.p.c.AbstractCustomizableLifecycleMapping - Mojo execution key: org.apache.maven.plugins:maven-resources-plugin:2.6:resources (execution: default-resources, phase: process-resources)
2020-05-23 23:48:40,750 [Worker-7] DEBUG o.e.m.c.p.c.AbstractCustomizableLifecycleMapping - 	Action: execute
2020-05-23 23:48:40,750 [Worker-7] DEBUG o.e.m.c.p.c.AbstractCustomizableLifecycleMapping - Mojo execution key: org.apache.maven.plugins:maven-compiler-plugin:3.1:compile (execution: default-compile, phase: compile)
2020-05-23 23:48:40,751 [Worker-7] DEBUG o.e.m.c.p.c.AbstractCustomizableLifecycleMapping - Mojo execution key: org.apache.maven.plugins:maven-resources-plugin:2.6:testResources (execution: default-testResources, phase: process-test-resources)
2020-05-23 23:48:40,751 [Worker-7] DEBUG o.e.m.c.p.c.AbstractCustomizableLifecycleMapping - 	Action: execute
2020-05-23 23:48:40,751 [Worker-7] DEBUG o.e.m.c.p.c.AbstractCustomizableLifecycleMapping - Mojo execution key: org.apache.maven.plugins:maven-compiler-plugin:3.1:testCompile (execution: default-testCompile, phase: test-compile)
2020-05-23 23:48:40,751 [Worker-7] DEBUG o.e.m.c.p.c.AbstractCustomizableLifecycleMapping - Mojo execution key: org.apache.maven.plugins:maven-surefire-plugin:2.12.4:test (execution: default-test, phase: test)
2020-05-23 23:48:40,751 [Worker-7] DEBUG o.e.m.c.p.c.AbstractCustomizableLifecycleMapping - Mojo execution key: org.apache.maven.plugins:maven-jar-plugin:2.4:jar (execution: default-jar, phase: package)
2020-05-23 23:48:40,751 [Worker-7] DEBUG o.e.m.c.p.c.AbstractCustomizableLifecycleMapping - 	Action: configurator
2020-05-23 23:48:40,751 [Worker-7] DEBUG o.e.m.c.p.c.AbstractCustomizableLifecycleMapping - 		Project configurator : id=org.sonatype.m2e.mavenarchiver.jararchiverconfigurator class=org.sonatype.m2e.mavenarchiver.internal.JarArchiverConfigurator
2020-05-23 23:48:40,751 [Worker-7] DEBUG o.e.m.c.p.c.AbstractCustomizableLifecycleMapping - 		Build participant: org.sonatype.m2e.mavenarchiver.internal.AbstractMavenArchiverConfigurator$1
2020-05-23 23:48:40,751 [Worker-7] DEBUG o.e.m.c.p.c.AbstractCustomizableLifecycleMapping - Mojo execution key: org.apache.maven.plugins:maven-install-plugin:2.4:install (execution: default-install, phase: install)
2020-05-23 23:48:40,751 [Worker-7] DEBUG o.e.m.c.p.c.AbstractCustomizableLifecycleMapping - Mojo execution key: org.apache.maven.plugins:maven-deploy-plugin:2.7:deploy (execution: default-deploy, phase: deploy)
2020-05-23 23:48:40,752 [Worker-7] DEBUG o.e.m.c.i.builder.MavenBuilderImpl - Executing build participant org.eclipse.m2e.core.project.configurator.MojoExecutionBuildParticipant for plugin execution org.apache.maven.plugins:maven-resources-plugin:2.6:resources (execution: default-resources, phase: process-resources)
2020-05-23 23:48:41,201 [Worker-7] DEBUG o.e.a.i.i.DefaultDependencyCollector - Dependency collection stats: {ConflictMarker.analyzeTime=1, ConflictMarker.markTime=0, ConflictMarker.nodeCount=77, ConflictIdSorter.graphTime=0, ConflictIdSorter.topsortTime=0, ConflictIdSorter.conflictIdCount=26, ConflictIdSorter.conflictIdCycleCount=0, ConflictResolver.totalTime=13, ConflictResolver.conflictItemCount=74, DefaultDependencyCollector.collectTime=428, DefaultDependencyCollector.transformTime=14}
2020-05-23 23:48:41,383 [Worker-7] INFO  o.e.m.c.i.embedder.EclipseLogger - Using 'UTF-8' encoding to copy filtered resources.
2020-05-23 23:48:41,384 [Worker-7] INFO  o.e.m.c.i.embedder.EclipseLogger - skip non existing resourceDirectory C:\Users\lenovo\Desktop\ECLIPSE_PROB\githubdanclone\neon\eclipseproblem\projecta\src\main\resources
2020-05-23 23:48:41,385 [Worker-7] DEBUG o.e.m.c.i.builder.MavenBuilderImpl - Finished executing build participant org.eclipse.m2e.core.project.configurator.MojoExecutionBuildParticipant for plugin execution org.apache.maven.plugins:maven-resources-plugin:2.6:resources (execution: default-resources, phase: process-resources) in 631 ms
2020-05-23 23:48:41,385 [Worker-7] DEBUG o.e.m.c.i.builder.MavenBuilderImpl - Executing build participant org.eclipse.m2e.core.project.configurator.MojoExecutionBuildParticipant for plugin execution org.apache.maven.plugins:maven-resources-plugin:2.6:testResources (execution: default-testResources, phase: process-test-resources)
2020-05-23 23:48:41,399 [Worker-7] INFO  o.e.m.c.i.embedder.EclipseLogger - Using 'UTF-8' encoding to copy filtered resources.
2020-05-23 23:48:41,400 [Worker-7] INFO  o.e.m.c.i.embedder.EclipseLogger - skip non existing resourceDirectory C:\Users\lenovo\Desktop\ECLIPSE_PROB\githubdanclone\neon\eclipseproblem\projecta\src\test\resources
2020-05-23 23:48:41,400 [Worker-7] DEBUG o.e.m.c.i.builder.MavenBuilderImpl - Finished executing build participant org.eclipse.m2e.core.project.configurator.MojoExecutionBuildParticipant for plugin execution org.apache.maven.plugins:maven-resources-plugin:2.6:testResources (execution: default-testResources, phase: process-test-resources) in 15 ms
2020-05-23 23:48:41,400 [Worker-7] DEBUG o.e.m.c.i.builder.MavenBuilderImpl - Executing build participant org.sonatype.m2e.mavenarchiver.internal.AbstractMavenArchiverConfigurator$1 for plugin execution org.apache.maven.plugins:maven-jar-plugin:2.4:jar (execution: default-jar, phase: package)
2020-05-23 23:48:41,405 [Worker-7] DEBUG o.e.a.i.i.DefaultLocalRepositoryProvider - Using manager EnhancedLocalRepositoryManager with priority 10.0 for C:\Users\lenovo\.m2\repository
2020-05-23 23:48:41,636 [Worker-7] DEBUG o.e.a.i.i.DefaultDependencyCollector - Dependency collection stats: {ConflictMarker.analyzeTime=1, ConflictMarker.markTime=0, ConflictMarker.nodeCount=74, ConflictIdSorter.graphTime=0, ConflictIdSorter.topsortTime=0, ConflictIdSorter.conflictIdCount=28, ConflictIdSorter.conflictIdCycleCount=0, ConflictResolver.totalTime=2, ConflictResolver.conflictItemCount=70, DefaultDependencyCollector.collectTime=169, DefaultDependencyCollector.transformTime=3}
2020-05-23 23:48:41,860 [Worker-7] DEBUG o.e.m.c.i.builder.MavenBuilderImpl - Finished executing build participant org.sonatype.m2e.mavenarchiver.internal.AbstractMavenArchiverConfigurator$1 for plugin execution org.apache.maven.plugins:maven-jar-plugin:2.4:jar (execution: default-jar, phase: package) in 460 ms
2020-05-23 23:48:41,861 [Worker-7] DEBUG o.e.m.c.i.builder.MavenBuilder - Built project projecta in 1116 ms
2020-05-23 23:48:41,940 [Worker-7] DEBUG o.e.m.c.i.builder.MavenBuilder - Building project projectb
2020-05-23 23:48:41,944 [Worker-7] DEBUG o.e.a.i.i.DefaultLocalRepositoryProvider - Using manager EnhancedLocalRepositoryManager with priority 10.0 for C:\Users\lenovo\.m2\repository
2020-05-23 23:48:41,945 [Worker-7] DEBUG o.e.m.c.p.c.AbstractCustomizableLifecycleMapping - Build participants for MavenProject: com.mycompany.eclipseproblem:projectb:0.0.1-SNAPSHOT @ C:\Users\lenovo\Desktop\ECLIPSE_PROB\githubdanclone\neon\eclipseproblem\projectb\pom.xml
2020-05-23 23:48:41,945 [Worker-7] DEBUG o.e.m.c.p.c.AbstractCustomizableLifecycleMapping - Mojo execution key: org.apache.maven.plugins:maven-resources-plugin:2.6:resources (execution: default-resources, phase: process-resources)
2020-05-23 23:48:41,945 [Worker-7] DEBUG o.e.m.c.p.c.AbstractCustomizableLifecycleMapping - 	Action: execute
2020-05-23 23:48:41,945 [Worker-7] DEBUG o.e.m.c.p.c.AbstractCustomizableLifecycleMapping - Mojo execution key: org.apache.maven.plugins:maven-compiler-plugin:3.1:compile (execution: default-compile, phase: compile)
2020-05-23 23:48:41,945 [Worker-7] DEBUG o.e.m.c.p.c.AbstractCustomizableLifecycleMapping - Mojo execution key: org.apache.maven.plugins:maven-resources-plugin:2.6:testResources (execution: default-testResources, phase: process-test-resources)
2020-05-23 23:48:41,945 [Worker-7] DEBUG o.e.m.c.p.c.AbstractCustomizableLifecycleMapping - 	Action: execute
2020-05-23 23:48:41,946 [Worker-7] DEBUG o.e.m.c.p.c.AbstractCustomizableLifecycleMapping - Mojo execution key: org.apache.maven.plugins:maven-compiler-plugin:3.1:testCompile (execution: default-testCompile, phase: test-compile)
2020-05-23 23:48:41,946 [Worker-7] DEBUG o.e.m.c.p.c.AbstractCustomizableLifecycleMapping - Mojo execution key: org.apache.maven.plugins:maven-surefire-plugin:2.12.4:test (execution: default-test, phase: test)
2020-05-23 23:48:41,947 [Worker-7] DEBUG o.e.m.c.p.c.AbstractCustomizableLifecycleMapping - Mojo execution key: org.apache.maven.plugins:maven-jar-plugin:2.4:jar (execution: default-jar, phase: package)
2020-05-23 23:48:41,947 [Worker-7] DEBUG o.e.m.c.p.c.AbstractCustomizableLifecycleMapping - 	Action: configurator
2020-05-23 23:48:41,947 [Worker-7] DEBUG o.e.m.c.p.c.AbstractCustomizableLifecycleMapping - 		Project configurator : id=org.sonatype.m2e.mavenarchiver.jararchiverconfigurator class=org.sonatype.m2e.mavenarchiver.internal.JarArchiverConfigurator
2020-05-23 23:48:41,947 [Worker-7] DEBUG o.e.m.c.p.c.AbstractCustomizableLifecycleMapping - 		Build participant: org.sonatype.m2e.mavenarchiver.internal.AbstractMavenArchiverConfigurator$1
2020-05-23 23:48:41,947 [Worker-7] DEBUG o.e.m.c.p.c.AbstractCustomizableLifecycleMapping - Mojo execution key: org.apache.maven.plugins:maven-install-plugin:2.4:install (execution: default-install, phase: install)
2020-05-23 23:48:41,948 [Worker-7] DEBUG o.e.m.c.p.c.AbstractCustomizableLifecycleMapping - Mojo execution key: org.apache.maven.plugins:maven-deploy-plugin:2.7:deploy (execution: default-deploy, phase: deploy)
2020-05-23 23:48:41,948 [Worker-7] DEBUG o.e.m.c.i.builder.MavenBuilderImpl - Executing build participant org.eclipse.m2e.core.project.configurator.MojoExecutionBuildParticipant for plugin execution org.apache.maven.plugins:maven-resources-plugin:2.6:resources (execution: default-resources, phase: process-resources)
2020-05-23 23:48:41,950 [Worker-7] INFO  o.e.m.c.i.embedder.EclipseLogger - Using 'UTF-8' encoding to copy filtered resources.
2020-05-23 23:48:41,950 [Worker-7] INFO  o.e.m.c.i.embedder.EclipseLogger - skip non existing resourceDirectory C:\Users\lenovo\Desktop\ECLIPSE_PROB\githubdanclone\neon\eclipseproblem\projectb\src\main\resources
2020-05-23 23:48:41,951 [Worker-7] DEBUG o.e.m.c.i.builder.MavenBuilderImpl - Finished executing build participant org.eclipse.m2e.core.project.configurator.MojoExecutionBuildParticipant for plugin execution org.apache.maven.plugins:maven-resources-plugin:2.6:resources (execution: default-resources, phase: process-resources) in 3 ms
2020-05-23 23:48:41,951 [Worker-7] DEBUG o.e.m.c.i.builder.MavenBuilderImpl - Executing build participant org.eclipse.m2e.core.project.configurator.MojoExecutionBuildParticipant for plugin execution org.apache.maven.plugins:maven-resources-plugin:2.6:testResources (execution: default-testResources, phase: process-test-resources)
2020-05-23 23:48:41,953 [Worker-7] INFO  o.e.m.c.i.embedder.EclipseLogger - Using 'UTF-8' encoding to copy filtered resources.
2020-05-23 23:48:41,953 [Worker-7] INFO  o.e.m.c.i.embedder.EclipseLogger - skip non existing resourceDirectory C:\Users\lenovo\Desktop\ECLIPSE_PROB\githubdanclone\neon\eclipseproblem\projectb\src\test\resources
2020-05-23 23:48:41,953 [Worker-7] DEBUG o.e.m.c.i.builder.MavenBuilderImpl - Finished executing build participant org.eclipse.m2e.core.project.configurator.MojoExecutionBuildParticipant for plugin execution org.apache.maven.plugins:maven-resources-plugin:2.6:testResources (execution: default-testResources, phase: process-test-resources) in 2 ms
2020-05-23 23:48:41,954 [Worker-7] DEBUG o.e.m.c.i.builder.MavenBuilderImpl - Executing build participant org.sonatype.m2e.mavenarchiver.internal.AbstractMavenArchiverConfigurator$1 for plugin execution org.apache.maven.plugins:maven-jar-plugin:2.4:jar (execution: default-jar, phase: package)
2020-05-23 23:48:41,956 [Worker-7] DEBUG o.e.a.i.i.DefaultLocalRepositoryProvider - Using manager EnhancedLocalRepositoryManager with priority 10.0 for C:\Users\lenovo\.m2\repository
2020-05-23 23:48:41,996 [Worker-7] DEBUG o.e.m.c.i.builder.MavenBuilderImpl - Finished executing build participant org.sonatype.m2e.mavenarchiver.internal.AbstractMavenArchiverConfigurator$1 for plugin execution org.apache.maven.plugins:maven-jar-plugin:2.4:jar (execution: default-jar, phase: package) in 42 ms
2020-05-23 23:48:41,996 [Worker-7] DEBUG o.e.m.c.i.builder.MavenBuilder - Built project projectb in 56 ms
2020-05-23 23:48:42,051 [Worker-7] DEBUG o.e.m.c.i.builder.MavenBuilder - Building project projecta
2020-05-23 23:48:42,054 [Worker-7] DEBUG o.e.a.i.i.DefaultLocalRepositoryProvider - Using manager EnhancedLocalRepositoryManager with priority 10.0 for C:\Users\lenovo\.m2\repository
2020-05-23 23:48:42,055 [Worker-7] DEBUG o.e.m.c.p.c.AbstractCustomizableLifecycleMapping - Build participants for MavenProject: com.mycompany.eclipseproblem:projecta:0.0.1-SNAPSHOT @ C:\Users\lenovo\Desktop\ECLIPSE_PROB\githubdanclone\neon\eclipseproblem\projecta\pom.xml
2020-05-23 23:48:42,056 [Worker-7] DEBUG o.e.m.c.p.c.AbstractCustomizableLifecycleMapping - Mojo execution key: org.apache.maven.plugins:maven-resources-plugin:2.6:resources (execution: default-resources, phase: process-resources)
2020-05-23 23:48:42,056 [Worker-7] DEBUG o.e.m.c.p.c.AbstractCustomizableLifecycleMapping - 	Action: execute
2020-05-23 23:48:42,056 [Worker-7] DEBUG o.e.m.c.p.c.AbstractCustomizableLifecycleMapping - Mojo execution key: org.apache.maven.plugins:maven-compiler-plugin:3.1:compile (execution: default-compile, phase: compile)
2020-05-23 23:48:42,056 [Worker-7] DEBUG o.e.m.c.p.c.AbstractCustomizableLifecycleMapping - Mojo execution key: org.apache.maven.plugins:maven-resources-plugin:2.6:testResources (execution: default-testResources, phase: process-test-resources)
2020-05-23 23:48:42,056 [Worker-7] DEBUG o.e.m.c.p.c.AbstractCustomizableLifecycleMapping - 	Action: execute
2020-05-23 23:48:42,056 [Worker-7] DEBUG o.e.m.c.p.c.AbstractCustomizableLifecycleMapping - Mojo execution key: org.apache.maven.plugins:maven-compiler-plugin:3.1:testCompile (execution: default-testCompile, phase: test-compile)
2020-05-23 23:48:42,056 [Worker-7] DEBUG o.e.m.c.p.c.AbstractCustomizableLifecycleMapping - Mojo execution key: org.apache.maven.plugins:maven-surefire-plugin:2.12.4:test (execution: default-test, phase: test)
2020-05-23 23:48:42,056 [Worker-7] DEBUG o.e.m.c.p.c.AbstractCustomizableLifecycleMapping - Mojo execution key: org.apache.maven.plugins:maven-jar-plugin:2.4:jar (execution: default-jar, phase: package)
2020-05-23 23:48:42,056 [Worker-7] DEBUG o.e.m.c.p.c.AbstractCustomizableLifecycleMapping - 	Action: configurator
2020-05-23 23:48:42,056 [Worker-7] DEBUG o.e.m.c.p.c.AbstractCustomizableLifecycleMapping - 		Project configurator : id=org.sonatype.m2e.mavenarchiver.jararchiverconfigurator class=org.sonatype.m2e.mavenarchiver.internal.JarArchiverConfigurator
2020-05-23 23:48:42,056 [Worker-7] DEBUG o.e.m.c.p.c.AbstractCustomizableLifecycleMapping - 		Build participant: org.sonatype.m2e.mavenarchiver.internal.AbstractMavenArchiverConfigurator$1
2020-05-23 23:48:42,056 [Worker-7] DEBUG o.e.m.c.p.c.AbstractCustomizableLifecycleMapping - Mojo execution key: org.apache.maven.plugins:maven-install-plugin:2.4:install (execution: default-install, phase: install)
2020-05-23 23:48:42,056 [Worker-7] DEBUG o.e.m.c.p.c.AbstractCustomizableLifecycleMapping - Mojo execution key: org.apache.maven.plugins:maven-deploy-plugin:2.7:deploy (execution: default-deploy, phase: deploy)
2020-05-23 23:48:42,057 [Worker-7] DEBUG o.e.m.c.i.builder.MavenBuilderImpl - Executing build participant org.eclipse.m2e.core.project.configurator.MojoExecutionBuildParticipant for plugin execution org.apache.maven.plugins:maven-resources-plugin:2.6:resources (execution: default-resources, phase: process-resources)
2020-05-23 23:48:42,059 [Worker-7] INFO  o.e.m.c.i.embedder.EclipseLogger - Using 'UTF-8' encoding to copy filtered resources.
2020-05-23 23:48:42,059 [Worker-7] INFO  o.e.m.c.i.embedder.EclipseLogger - skip non existing resourceDirectory C:\Users\lenovo\Desktop\ECLIPSE_PROB\githubdanclone\neon\eclipseproblem\projecta\src\main\resources
2020-05-23 23:48:42,059 [Worker-7] DEBUG o.e.m.c.i.builder.MavenBuilderImpl - Finished executing build participant org.eclipse.m2e.core.project.configurator.MojoExecutionBuildParticipant for plugin execution org.apache.maven.plugins:maven-resources-plugin:2.6:resources (execution: default-resources, phase: process-resources) in 2 ms
2020-05-23 23:48:42,059 [Worker-7] DEBUG o.e.m.c.i.builder.MavenBuilderImpl - Executing build participant org.eclipse.m2e.core.project.configurator.MojoExecutionBuildParticipant for plugin execution org.apache.maven.plugins:maven-resources-plugin:2.6:testResources (execution: default-testResources, phase: process-test-resources)
2020-05-23 23:48:42,066 [Worker-7] INFO  o.e.m.c.i.embedder.EclipseLogger - Using 'UTF-8' encoding to copy filtered resources.
2020-05-23 23:48:42,066 [Worker-7] INFO  o.e.m.c.i.embedder.EclipseLogger - skip non existing resourceDirectory C:\Users\lenovo\Desktop\ECLIPSE_PROB\githubdanclone\neon\eclipseproblem\projecta\src\test\resources
2020-05-23 23:48:42,066 [Worker-7] DEBUG o.e.m.c.i.builder.MavenBuilderImpl - Finished executing build participant org.eclipse.m2e.core.project.configurator.MojoExecutionBuildParticipant for plugin execution org.apache.maven.plugins:maven-resources-plugin:2.6:testResources (execution: default-testResources, phase: process-test-resources) in 6 ms
2020-05-23 23:48:42,066 [Worker-7] DEBUG o.e.m.c.i.builder.MavenBuilderImpl - Executing build participant org.sonatype.m2e.mavenarchiver.internal.AbstractMavenArchiverConfigurator$1 for plugin execution org.apache.maven.plugins:maven-jar-plugin:2.4:jar (execution: default-jar, phase: package)
2020-05-23 23:48:42,068 [Worker-7] DEBUG o.e.m.c.i.builder.MavenBuilderImpl - Finished executing build participant org.sonatype.m2e.mavenarchiver.internal.AbstractMavenArchiverConfigurator$1 for plugin execution org.apache.maven.plugins:maven-jar-plugin:2.4:jar (execution: default-jar, phase: package) in 2 ms
2020-05-23 23:48:42,068 [Worker-7] DEBUG o.e.m.c.i.builder.MavenBuilder - Built project projecta in 16 ms
